#
# There is insufficient memory for the Java Runtime Environment to continue.
# Native memory allocation (mmap) failed to map 65536 bytes for Failed to commit metaspace.
# Possible reasons:
#   The system is out of physical RAM or swap space
#   The process is running with CompressedOops enabled, and the Java Heap may be blocking the growth of the native heap
# Possible solutions:
#   Reduce memory load on the system
#   Increase physical memory or swap space
#   Check if swap backing store is full
#   Decrease Java heap size (-Xmx/-Xms)
#   Decrease number of Java threads
#   Decrease Java thread stack sizes (-Xss)
#   Set larger code cache with -XX:ReservedCodeCacheSize=
#   JVM is running with Unscaled Compressed Oops mode in which the Java heap is
#     placed in the first 4GB address space. The Java Heap base address is the
#     maximum limit for the native heap growth. Please use -XX:HeapBaseMinAddress
#     to set the Java Heap base and to place the Java Heap above 4GB virtual address.
# This output file may be truncated or incomplete.
#
#  Out of Memory Error (virtualSpaceNode.cpp:110), pid=20532, tid=9416
#
# JRE version: OpenJDK Runtime Environment JBR-17.0.8.1+7-1059.3-nomod (17.0.8.1+7) (build 17.0.8.1+7-b1059.3)
# Java VM: OpenJDK 64-Bit Server VM JBR-17.0.8.1+7-1059.3-nomod (17.0.8.1+7-b1059.3, mixed mode, tiered, compressed oops, compressed class ptrs, g1 gc, windows-amd64)
# No core dump will be written. Minidumps are not enabled by default on client versions of Windows
#

---------------  S U M M A R Y ------------

Command Line: --module-path=C:\Users\Aziz\.m2\repository\org\openjfx\javafx-base\21.0.2\javafx-base-21.0.2-win.jar;C:\Users\Aziz\.m2\repository\org\openjfx\javafx-base\21.0.2\javafx-base-21.0.2.jar;C:\Users\Aziz\.m2\repository\org\openjfx\javafx-controls\21.0.2\javafx-controls-21.0.2-win.jar;C:\Users\Aziz\.m2\repository\org\openjfx\javafx-controls\21.0.2\javafx-controls-21.0.2.jar;C:\Users\Aziz\.m2\repository\org\openjfx\javafx-fxml\21.0.2\javafx-fxml-21.0.2-win.jar;C:\Users\Aziz\.m2\repository\org\openjfx\javafx-fxml\21.0.2\javafx-fxml-21.0.2.jar;C:\Users\Aziz\.m2\repository\org\openjfx\javafx-graphics\21.0.2\javafx-graphics-21.0.2-win.jar;C:\Users\Aziz\.m2\repository\org\openjfx\javafx-graphics\21.0.2\javafx-graphics-21.0.2.jar --add-modules=javafx.base,javafx.controls,javafx.fxml,javafx.graphics tests.MainFX

Host: Intel(R) Core(TM) i7-10510U CPU @ 1.80GHz, 8 cores, 7G,  Windows 10 , 64 bit Build 19041 (10.0.19041.3636)
Time: Thu Apr 25 10:50:21 2024 Afr. centrale Ouest elapsed time: 1.333803 seconds (0d 0h 0m 1s)

---------------  T H R E A D  ---------------

Current thread (0x00000228b550dd60):  JavaThread "C1 CompilerThread0" daemon [_thread_in_vm, id=9416, stack(0x000000842dc00000,0x000000842dd00000)]


Current CompileTask:
C1:   1333 1374       3       com.sun.javafx.css.BitSet::addAll (374 bytes)

Stack: [0x000000842dc00000,0x000000842dd00000]
Native frames: (J=compiled Java code, j=interpreted, Vv=VM code, C=native code)
V  [jvm.dll+0x6852da]


---------------  P R O C E S S  ---------------

Threads class SMR info:
_java_thread_list=0x00000228ba6d5000, length=18, elements={
0x000002289939e0b0, 0x00000228b54c3260, 0x00000228b54c40e0, 0x00000228b54eb000,
0x00000228b54eb8d0, 0x00000228b54ee3a0, 0x00000228b54eed60, 0x00000228b54f0060,
0x00000228b550dd60, 0x00000228b5510b60, 0x00000228b55f5690, 0x00000228b52ff480,
0x00000228b570b020, 0x00000228ba48b040, 0x00000228ba5be7a0, 0x00000228ba5a1a30,
0x00000228ba6112b0, 0x00000228ba63f030
}

Java Threads: ( => current thread )
  0x000002289939e0b0 JavaThread "main" [_thread_blocked, id=20708, stack(0x000000842ce00000,0x000000842cf00000)]
  0x00000228b54c3260 JavaThread "Reference Handler" daemon [_thread_blocked, id=9700, stack(0x000000842d500000,0x000000842d600000)]
  0x00000228b54c40e0 JavaThread "Finalizer" daemon [_thread_blocked, id=21680, stack(0x000000842d600000,0x000000842d700000)]
  0x00000228b54eb000 JavaThread "Signal Dispatcher" daemon [_thread_blocked, id=21836, stack(0x000000842d700000,0x000000842d800000)]
  0x00000228b54eb8d0 JavaThread "Attach Listener" daemon [_thread_blocked, id=10616, stack(0x000000842d800000,0x000000842d900000)]
  0x00000228b54ee3a0 JavaThread "Service Thread" daemon [_thread_blocked, id=19204, stack(0x000000842d900000,0x000000842da00000)]
  0x00000228b54eed60 JavaThread "Monitor Deflation Thread" daemon [_thread_blocked, id=6684, stack(0x000000842da00000,0x000000842db00000)]
  0x00000228b54f0060 JavaThread "C2 CompilerThread0" daemon [_thread_in_native, id=12228, stack(0x000000842db00000,0x000000842dc00000)]
=>0x00000228b550dd60 JavaThread "C1 CompilerThread0" daemon [_thread_in_vm, id=9416, stack(0x000000842dc00000,0x000000842dd00000)]
  0x00000228b5510b60 JavaThread "Sweeper thread" daemon [_thread_blocked, id=7148, stack(0x000000842dd00000,0x000000842de00000)]
  0x00000228b55f5690 JavaThread "Common-Cleaner" daemon [_thread_blocked, id=22552, stack(0x000000842de00000,0x000000842df00000)]
  0x00000228b52ff480 JavaThread "C2 CompilerThread1" daemon [_thread_blocked, id=15964, stack(0x000000842df00000,0x000000842e000000)]
  0x00000228b570b020 JavaThread "Notification Thread" daemon [_thread_blocked, id=4792, stack(0x000000842e000000,0x000000842e100000)]
  0x00000228ba48b040 JavaThread "QuantumRenderer-0" daemon [_thread_blocked, id=23496, stack(0x000000842e200000,0x000000842e300000)]
  0x00000228ba5be7a0 JavaThread "InvokeLaterDispatcher" daemon [_thread_blocked, id=14980, stack(0x000000842e300000,0x000000842e400000)]
  0x00000228ba5a1a30 JavaThread "JavaFX Application Thread" [_thread_in_vm, id=2808, stack(0x000000842e400000,0x000000842e500000)]
  0x00000228ba6112b0 JavaThread "JavaFX-Launcher" [_thread_blocked, id=7196, stack(0x000000842e600000,0x000000842e700000)]
  0x00000228ba63f030 JavaThread "Thread-2" daemon [_thread_in_native, id=21484, stack(0x000000842e500000,0x000000842e600000)]

Other Threads:
  0x00000228b5371a20 VMThread "VM Thread" [stack: 0x000000842d400000,0x000000842d500000] [id=10516]
  0x000002289941dd50 WatcherThread [stack: 0x000000842e100000,0x000000842e200000] [id=19032]
  0x00000228993f8090 GCTaskThread "GC Thread#0" [stack: 0x000000842cf00000,0x000000842d000000] [id=15032]
  0x00000228ba640310 GCTaskThread "GC Thread#1" [stack: 0x000000842e700000,0x000000842e800000] [id=20936]
  0x00000228ba69c3d0 GCTaskThread "GC Thread#2" [stack: 0x000000842e800000,0x000000842e900000] [id=1788]
  0x00000228ba69c690 GCTaskThread "GC Thread#3" [stack: 0x000000842e900000,0x000000842ea00000] [id=12884]
  0x00000228ba6ce050 GCTaskThread "GC Thread#4" [stack: 0x000000842ea00000,0x000000842eb00000] [id=17220]
  0x00000228ba7239c0 GCTaskThread "GC Thread#5" [stack: 0x000000842eb00000,0x000000842ec00000] [id=14628]
  0x0000022899408ae0 ConcurrentGCThread "G1 Main Marker" [stack: 0x000000842d000000,0x000000842d100000] [id=2876]
  0x0000022899409c90 ConcurrentGCThread "G1 Conc#0" [stack: 0x000000842d100000,0x000000842d200000] [id=22964]
  0x000002289945da20 ConcurrentGCThread "G1 Refine#0" [stack: 0x000000842d200000,0x000000842d300000] [id=7352]
  0x000002289945e450 ConcurrentGCThread "G1 Service" [stack: 0x000000842d300000,0x000000842d400000] [id=22888]

Threads with active compile tasks:
C2 CompilerThread0     1415 1204   !   4       com.sun.javafx.css.ParsedValueImpl::readBinary (691 bytes)
C1 CompilerThread0     1415 1374       3       com.sun.javafx.css.BitSet::addAll (374 bytes)

VM state: not at safepoint (normal execution)

VM Mutex/Monitor currently owned by a thread:  ([mutex/lock_event])
[0x0000022899397a30] Metaspace_lock - owner thread: 0x00000228b550dd60
[0x000002289939a330] MethodData_lock - owner thread: 0x00000228b550dd60

Heap address: 0x0000000082800000, size: 2008 MB, Compressed Oops mode: 32-bit

CDS archive(s) not mapped
Compressed class space mapped at: 0x0000000100000000-0x0000000140000000, reserved size: 1073741824
Narrow klass base: 0x0000000000000000, Narrow klass shift: 3, Narrow klass range: 0x140000000

GC Precious Log:
 CPUs: 8 total, 8 available
 Memory: 8025M
 Large Page Support: Disabled
 NUMA Support: Disabled
 Compressed Oops: Enabled (32-bit)
 Heap Region Size: 1M
 Heap Min Capacity: 8M
 Heap Initial Capacity: 126M
 Heap Max Capacity: 2008M
 Pre-touch: Disabled
 Parallel Workers: 8
 Concurrent Workers: 2
 Concurrent Refinement Workers: 8
 Periodic GC: Disabled

Heap:
 garbage-first heap   total 129024K, used 21077K [0x0000000082800000, 0x0000000100000000)
  region size 1024K, 22 young (22528K), 3 survivors (3072K)
 Metaspace       used 18576K, committed 18752K, reserved 1114112K
  class space    used 2314K, committed 2432K, reserved 1048576K

Heap Regions: E=young(eden), S=young(survivor), O=old, HS=humongous(starts), HC=humongous(continues), CS=collection set, F=free, OA=open archive, CA=closed archive, TAMS=top-at-mark-start (previous, next)
|   0|0x0000000082800000, 0x0000000082800000, 0x0000000082900000|  0%| F|  |TAMS 0x0000000082800000, 0x0000000082800000| Untracked 
|   1|0x0000000082900000, 0x0000000082900000, 0x0000000082a00000|  0%| F|  |TAMS 0x0000000082900000, 0x0000000082900000| Untracked 
|   2|0x0000000082a00000, 0x0000000082a00000, 0x0000000082b00000|  0%| F|  |TAMS 0x0000000082a00000, 0x0000000082a00000| Untracked 
|   3|0x0000000082b00000, 0x0000000082b00000, 0x0000000082c00000|  0%| F|  |TAMS 0x0000000082b00000, 0x0000000082b00000| Untracked 
|   4|0x0000000082c00000, 0x0000000082c00000, 0x0000000082d00000|  0%| F|  |TAMS 0x0000000082c00000, 0x0000000082c00000| Untracked 
|   5|0x0000000082d00000, 0x0000000082d00000, 0x0000000082e00000|  0%| F|  |TAMS 0x0000000082d00000, 0x0000000082d00000| Untracked 
|   6|0x0000000082e00000, 0x0000000082e00000, 0x0000000082f00000|  0%| F|  |TAMS 0x0000000082e00000, 0x0000000082e00000| Untracked 
|   7|0x0000000082f00000, 0x0000000082f00000, 0x0000000083000000|  0%| F|  |TAMS 0x0000000082f00000, 0x0000000082f00000| Untracked 
|   8|0x0000000083000000, 0x0000000083000000, 0x0000000083100000|  0%| F|  |TAMS 0x0000000083000000, 0x0000000083000000| Untracked 
|   9|0x0000000083100000, 0x0000000083100000, 0x0000000083200000|  0%| F|  |TAMS 0x0000000083100000, 0x0000000083100000| Untracked 
|  10|0x0000000083200000, 0x0000000083200000, 0x0000000083300000|  0%| F|  |TAMS 0x0000000083200000, 0x0000000083200000| Untracked 
|  11|0x0000000083300000, 0x0000000083300000, 0x0000000083400000|  0%| F|  |TAMS 0x0000000083300000, 0x0000000083300000| Untracked 
|  12|0x0000000083400000, 0x0000000083400000, 0x0000000083500000|  0%| F|  |TAMS 0x0000000083400000, 0x0000000083400000| Untracked 
|  13|0x0000000083500000, 0x0000000083500000, 0x0000000083600000|  0%| F|  |TAMS 0x0000000083500000, 0x0000000083500000| Untracked 
|  14|0x0000000083600000, 0x0000000083600000, 0x0000000083700000|  0%| F|  |TAMS 0x0000000083600000, 0x0000000083600000| Untracked 
|  15|0x0000000083700000, 0x0000000083700000, 0x0000000083800000|  0%| F|  |TAMS 0x0000000083700000, 0x0000000083700000| Untracked 
|  16|0x0000000083800000, 0x0000000083800000, 0x0000000083900000|  0%| F|  |TAMS 0x0000000083800000, 0x0000000083800000| Untracked 
|  17|0x0000000083900000, 0x0000000083900000, 0x0000000083a00000|  0%| F|  |TAMS 0x0000000083900000, 0x0000000083900000| Untracked 
|  18|0x0000000083a00000, 0x0000000083a00000, 0x0000000083b00000|  0%| F|  |TAMS 0x0000000083a00000, 0x0000000083a00000| Untracked 
|  19|0x0000000083b00000, 0x0000000083b00000, 0x0000000083c00000|  0%| F|  |TAMS 0x0000000083b00000, 0x0000000083b00000| Untracked 
|  20|0x0000000083c00000, 0x0000000083c00000, 0x0000000083d00000|  0%| F|  |TAMS 0x0000000083c00000, 0x0000000083c00000| Untracked 
|  21|0x0000000083d00000, 0x0000000083d00000, 0x0000000083e00000|  0%| F|  |TAMS 0x0000000083d00000, 0x0000000083d00000| Untracked 
|  22|0x0000000083e00000, 0x0000000083e00000, 0x0000000083f00000|  0%| F|  |TAMS 0x0000000083e00000, 0x0000000083e00000| Untracked 
|  23|0x0000000083f00000, 0x0000000083f00000, 0x0000000084000000|  0%| F|  |TAMS 0x0000000083f00000, 0x0000000083f00000| Untracked 
|  24|0x0000000084000000, 0x0000000084000000, 0x0000000084100000|  0%| F|  |TAMS 0x0000000084000000, 0x0000000084000000| Untracked 
|  25|0x0000000084100000, 0x0000000084100000, 0x0000000084200000|  0%| F|  |TAMS 0x0000000084100000, 0x0000000084100000| Untracked 
|  26|0x0000000084200000, 0x0000000084200000, 0x0000000084300000|  0%| F|  |TAMS 0x0000000084200000, 0x0000000084200000| Untracked 
|  27|0x0000000084300000, 0x0000000084300000, 0x0000000084400000|  0%| F|  |TAMS 0x0000000084300000, 0x0000000084300000| Untracked 
|  28|0x0000000084400000, 0x0000000084400000, 0x0000000084500000|  0%| F|  |TAMS 0x0000000084400000, 0x0000000084400000| Untracked 
|  29|0x0000000084500000, 0x0000000084500000, 0x0000000084600000|  0%| F|  |TAMS 0x0000000084500000, 0x0000000084500000| Untracked 
|  30|0x0000000084600000, 0x0000000084600000, 0x0000000084700000|  0%| F|  |TAMS 0x0000000084600000, 0x0000000084600000| Untracked 
|  31|0x0000000084700000, 0x0000000084700000, 0x0000000084800000|  0%| F|  |TAMS 0x0000000084700000, 0x0000000084700000| Untracked 
|  32|0x0000000084800000, 0x0000000084800000, 0x0000000084900000|  0%| F|  |TAMS 0x0000000084800000, 0x0000000084800000| Untracked 
|  33|0x0000000084900000, 0x0000000084900000, 0x0000000084a00000|  0%| F|  |TAMS 0x0000000084900000, 0x0000000084900000| Untracked 
|  34|0x0000000084a00000, 0x0000000084a00000, 0x0000000084b00000|  0%| F|  |TAMS 0x0000000084a00000, 0x0000000084a00000| Untracked 
|  35|0x0000000084b00000, 0x0000000084b00000, 0x0000000084c00000|  0%| F|  |TAMS 0x0000000084b00000, 0x0000000084b00000| Untracked 
|  36|0x0000000084c00000, 0x0000000084c00000, 0x0000000084d00000|  0%| F|  |TAMS 0x0000000084c00000, 0x0000000084c00000| Untracked 
|  37|0x0000000084d00000, 0x0000000084d00000, 0x0000000084e00000|  0%| F|  |TAMS 0x0000000084d00000, 0x0000000084d00000| Untracked 
|  38|0x0000000084e00000, 0x0000000084e00000, 0x0000000084f00000|  0%| F|  |TAMS 0x0000000084e00000, 0x0000000084e00000| Untracked 
|  39|0x0000000084f00000, 0x0000000084f00000, 0x0000000085000000|  0%| F|  |TAMS 0x0000000084f00000, 0x0000000084f00000| Untracked 
|  40|0x0000000085000000, 0x0000000085000000, 0x0000000085100000|  0%| F|  |TAMS 0x0000000085000000, 0x0000000085000000| Untracked 
|  41|0x0000000085100000, 0x0000000085100000, 0x0000000085200000|  0%| F|  |TAMS 0x0000000085100000, 0x0000000085100000| Untracked 
|  42|0x0000000085200000, 0x0000000085200000, 0x0000000085300000|  0%| F|  |TAMS 0x0000000085200000, 0x0000000085200000| Untracked 
|  43|0x0000000085300000, 0x0000000085300000, 0x0000000085400000|  0%| F|  |TAMS 0x0000000085300000, 0x0000000085300000| Untracked 
|  44|0x0000000085400000, 0x0000000085400000, 0x0000000085500000|  0%| F|  |TAMS 0x0000000085400000, 0x0000000085400000| Untracked 
|  45|0x0000000085500000, 0x0000000085500000, 0x0000000085600000|  0%| F|  |TAMS 0x0000000085500000, 0x0000000085500000| Untracked 
|  46|0x0000000085600000, 0x0000000085600000, 0x0000000085700000|  0%| F|  |TAMS 0x0000000085600000, 0x0000000085600000| Untracked 
|  47|0x0000000085700000, 0x0000000085700000, 0x0000000085800000|  0%| F|  |TAMS 0x0000000085700000, 0x0000000085700000| Untracked 
|  48|0x0000000085800000, 0x0000000085800000, 0x0000000085900000|  0%| F|  |TAMS 0x0000000085800000, 0x0000000085800000| Untracked 
|  49|0x0000000085900000, 0x0000000085900000, 0x0000000085a00000|  0%| F|  |TAMS 0x0000000085900000, 0x0000000085900000| Untracked 
|  50|0x0000000085a00000, 0x0000000085a00000, 0x0000000085b00000|  0%| F|  |TAMS 0x0000000085a00000, 0x0000000085a00000| Untracked 
|  51|0x0000000085b00000, 0x0000000085b00000, 0x0000000085c00000|  0%| F|  |TAMS 0x0000000085b00000, 0x0000000085b00000| Untracked 
|  52|0x0000000085c00000, 0x0000000085c00000, 0x0000000085d00000|  0%| F|  |TAMS 0x0000000085c00000, 0x0000000085c00000| Untracked 
|  53|0x0000000085d00000, 0x0000000085d00000, 0x0000000085e00000|  0%| F|  |TAMS 0x0000000085d00000, 0x0000000085d00000| Untracked 
|  54|0x0000000085e00000, 0x0000000085e00000, 0x0000000085f00000|  0%| F|  |TAMS 0x0000000085e00000, 0x0000000085e00000| Untracked 
|  55|0x0000000085f00000, 0x0000000085f00000, 0x0000000086000000|  0%| F|  |TAMS 0x0000000085f00000, 0x0000000085f00000| Untracked 
|  56|0x0000000086000000, 0x0000000086000000, 0x0000000086100000|  0%| F|  |TAMS 0x0000000086000000, 0x0000000086000000| Untracked 
|  57|0x0000000086100000, 0x0000000086100000, 0x0000000086200000|  0%| F|  |TAMS 0x0000000086100000, 0x0000000086100000| Untracked 
|  58|0x0000000086200000, 0x0000000086200000, 0x0000000086300000|  0%| F|  |TAMS 0x0000000086200000, 0x0000000086200000| Untracked 
|  59|0x0000000086300000, 0x0000000086300000, 0x0000000086400000|  0%| F|  |TAMS 0x0000000086300000, 0x0000000086300000| Untracked 
|  60|0x0000000086400000, 0x0000000086400000, 0x0000000086500000|  0%| F|  |TAMS 0x0000000086400000, 0x0000000086400000| Untracked 
|  61|0x0000000086500000, 0x0000000086500000, 0x0000000086600000|  0%| F|  |TAMS 0x0000000086500000, 0x0000000086500000| Untracked 
|  62|0x0000000086600000, 0x0000000086600000, 0x0000000086700000|  0%| F|  |TAMS 0x0000000086600000, 0x0000000086600000| Untracked 
|  63|0x0000000086700000, 0x0000000086700000, 0x0000000086800000|  0%| F|  |TAMS 0x0000000086700000, 0x0000000086700000| Untracked 
|  64|0x0000000086800000, 0x0000000086800000, 0x0000000086900000|  0%| F|  |TAMS 0x0000000086800000, 0x0000000086800000| Untracked 
|  65|0x0000000086900000, 0x0000000086900000, 0x0000000086a00000|  0%| F|  |TAMS 0x0000000086900000, 0x0000000086900000| Untracked 
|  66|0x0000000086a00000, 0x0000000086a00000, 0x0000000086b00000|  0%| F|  |TAMS 0x0000000086a00000, 0x0000000086a00000| Untracked 
|  67|0x0000000086b00000, 0x0000000086b00000, 0x0000000086c00000|  0%| F|  |TAMS 0x0000000086b00000, 0x0000000086b00000| Untracked 
|  68|0x0000000086c00000, 0x0000000086c00000, 0x0000000086d00000|  0%| F|  |TAMS 0x0000000086c00000, 0x0000000086c00000| Untracked 
|  69|0x0000000086d00000, 0x0000000086d00000, 0x0000000086e00000|  0%| F|  |TAMS 0x0000000086d00000, 0x0000000086d00000| Untracked 
|  70|0x0000000086e00000, 0x0000000086e00000, 0x0000000086f00000|  0%| F|  |TAMS 0x0000000086e00000, 0x0000000086e00000| Untracked 
|  71|0x0000000086f00000, 0x0000000086f00000, 0x0000000087000000|  0%| F|  |TAMS 0x0000000086f00000, 0x0000000086f00000| Untracked 
|  72|0x0000000087000000, 0x0000000087000000, 0x0000000087100000|  0%| F|  |TAMS 0x0000000087000000, 0x0000000087000000| Untracked 
|  73|0x0000000087100000, 0x0000000087100000, 0x0000000087200000|  0%| F|  |TAMS 0x0000000087100000, 0x0000000087100000| Untracked 
|  74|0x0000000087200000, 0x0000000087200000, 0x0000000087300000|  0%| F|  |TAMS 0x0000000087200000, 0x0000000087200000| Untracked 
|  75|0x0000000087300000, 0x0000000087300000, 0x0000000087400000|  0%| F|  |TAMS 0x0000000087300000, 0x0000000087300000| Untracked 
|  76|0x0000000087400000, 0x0000000087400000, 0x0000000087500000|  0%| F|  |TAMS 0x0000000087400000, 0x0000000087400000| Untracked 
|  77|0x0000000087500000, 0x0000000087500000, 0x0000000087600000|  0%| F|  |TAMS 0x0000000087500000, 0x0000000087500000| Untracked 
|  78|0x0000000087600000, 0x0000000087600000, 0x0000000087700000|  0%| F|  |TAMS 0x0000000087600000, 0x0000000087600000| Untracked 
|  79|0x0000000087700000, 0x0000000087700000, 0x0000000087800000|  0%| F|  |TAMS 0x0000000087700000, 0x0000000087700000| Untracked 
|  80|0x0000000087800000, 0x0000000087800000, 0x0000000087900000|  0%| F|  |TAMS 0x0000000087800000, 0x0000000087800000| Untracked 
|  81|0x0000000087900000, 0x0000000087900000, 0x0000000087a00000|  0%| F|  |TAMS 0x0000000087900000, 0x0000000087900000| Untracked 
|  82|0x0000000087a00000, 0x0000000087a00000, 0x0000000087b00000|  0%| F|  |TAMS 0x0000000087a00000, 0x0000000087a00000| Untracked 
|  83|0x0000000087b00000, 0x0000000087b00000, 0x0000000087c00000|  0%| F|  |TAMS 0x0000000087b00000, 0x0000000087b00000| Untracked 
|  84|0x0000000087c00000, 0x0000000087c00000, 0x0000000087d00000|  0%| F|  |TAMS 0x0000000087c00000, 0x0000000087c00000| Untracked 
|  85|0x0000000087d00000, 0x0000000087d00000, 0x0000000087e00000|  0%| F|  |TAMS 0x0000000087d00000, 0x0000000087d00000| Untracked 
|  86|0x0000000087e00000, 0x0000000087e00000, 0x0000000087f00000|  0%| F|  |TAMS 0x0000000087e00000, 0x0000000087e00000| Untracked 
|  87|0x0000000087f00000, 0x0000000087f00000, 0x0000000088000000|  0%| F|  |TAMS 0x0000000087f00000, 0x0000000087f00000| Untracked 
|  88|0x0000000088000000, 0x0000000088000000, 0x0000000088100000|  0%| F|  |TAMS 0x0000000088000000, 0x0000000088000000| Untracked 
|  89|0x0000000088100000, 0x0000000088100000, 0x0000000088200000|  0%| F|  |TAMS 0x0000000088100000, 0x0000000088100000| Untracked 
|  90|0x0000000088200000, 0x0000000088200000, 0x0000000088300000|  0%| F|  |TAMS 0x0000000088200000, 0x0000000088200000| Untracked 
|  91|0x0000000088300000, 0x0000000088300000, 0x0000000088400000|  0%| F|  |TAMS 0x0000000088300000, 0x0000000088300000| Untracked 
|  92|0x0000000088400000, 0x0000000088400000, 0x0000000088500000|  0%| F|  |TAMS 0x0000000088400000, 0x0000000088400000| Untracked 
|  93|0x0000000088500000, 0x0000000088500000, 0x0000000088600000|  0%| F|  |TAMS 0x0000000088500000, 0x0000000088500000| Untracked 
|  94|0x0000000088600000, 0x0000000088600000, 0x0000000088700000|  0%| F|  |TAMS 0x0000000088600000, 0x0000000088600000| Untracked 
|  95|0x0000000088700000, 0x0000000088700000, 0x0000000088800000|  0%| F|  |TAMS 0x0000000088700000, 0x0000000088700000| Untracked 
|  96|0x0000000088800000, 0x0000000088800000, 0x0000000088900000|  0%| F|  |TAMS 0x0000000088800000, 0x0000000088800000| Untracked 
|  97|0x0000000088900000, 0x0000000088900000, 0x0000000088a00000|  0%| F|  |TAMS 0x0000000088900000, 0x0000000088900000| Untracked 
|  98|0x0000000088a00000, 0x0000000088a00000, 0x0000000088b00000|  0%| F|  |TAMS 0x0000000088a00000, 0x0000000088a00000| Untracked 
|  99|0x0000000088b00000, 0x0000000088b00000, 0x0000000088c00000|  0%| F|  |TAMS 0x0000000088b00000, 0x0000000088b00000| Untracked 
| 100|0x0000000088c00000, 0x0000000088c95530, 0x0000000088d00000| 58%| S|CS|TAMS 0x0000000088c00000, 0x0000000088c00000| Complete 
| 101|0x0000000088d00000, 0x0000000088e00000, 0x0000000088e00000|100%| S|CS|TAMS 0x0000000088d00000, 0x0000000088d00000| Complete 
| 102|0x0000000088e00000, 0x0000000088f00000, 0x0000000088f00000|100%| S|CS|TAMS 0x0000000088e00000, 0x0000000088e00000| Complete 
| 103|0x0000000088f00000, 0x0000000088f00000, 0x0000000089000000|  0%| F|  |TAMS 0x0000000088f00000, 0x0000000088f00000| Untracked 
| 104|0x0000000089000000, 0x0000000089000000, 0x0000000089100000|  0%| F|  |TAMS 0x0000000089000000, 0x0000000089000000| Untracked 
| 105|0x0000000089100000, 0x0000000089100000, 0x0000000089200000|  0%| F|  |TAMS 0x0000000089100000, 0x0000000089100000| Untracked 
| 106|0x0000000089200000, 0x0000000089200000, 0x0000000089300000|  0%| F|  |TAMS 0x0000000089200000, 0x0000000089200000| Untracked 
| 107|0x0000000089300000, 0x00000000893d5cf0, 0x0000000089400000| 83%| E|  |TAMS 0x0000000089300000, 0x0000000089300000| Complete 
| 108|0x0000000089400000, 0x0000000089500000, 0x0000000089500000|100%| E|CS|TAMS 0x0000000089400000, 0x0000000089400000| Complete 
| 109|0x0000000089500000, 0x0000000089600000, 0x0000000089600000|100%| E|CS|TAMS 0x0000000089500000, 0x0000000089500000| Complete 
| 110|0x0000000089600000, 0x0000000089700000, 0x0000000089700000|100%| E|CS|TAMS 0x0000000089600000, 0x0000000089600000| Complete 
| 111|0x0000000089700000, 0x0000000089800000, 0x0000000089800000|100%| E|CS|TAMS 0x0000000089700000, 0x0000000089700000| Complete 
| 112|0x0000000089800000, 0x0000000089900000, 0x0000000089900000|100%| E|CS|TAMS 0x0000000089800000, 0x0000000089800000| Complete 
| 113|0x0000000089900000, 0x0000000089a00000, 0x0000000089a00000|100%| E|CS|TAMS 0x0000000089900000, 0x0000000089900000| Complete 
| 114|0x0000000089a00000, 0x0000000089b00000, 0x0000000089b00000|100%| E|CS|TAMS 0x0000000089a00000, 0x0000000089a00000| Complete 
| 115|0x0000000089b00000, 0x0000000089c00000, 0x0000000089c00000|100%| E|CS|TAMS 0x0000000089b00000, 0x0000000089b00000| Complete 
| 116|0x0000000089c00000, 0x0000000089d00000, 0x0000000089d00000|100%| E|CS|TAMS 0x0000000089c00000, 0x0000000089c00000| Complete 
| 117|0x0000000089d00000, 0x0000000089e00000, 0x0000000089e00000|100%| E|CS|TAMS 0x0000000089d00000, 0x0000000089d00000| Complete 
| 118|0x0000000089e00000, 0x0000000089f00000, 0x0000000089f00000|100%| E|CS|TAMS 0x0000000089e00000, 0x0000000089e00000| Complete 
| 119|0x0000000089f00000, 0x000000008a000000, 0x000000008a000000|100%| E|CS|TAMS 0x0000000089f00000, 0x0000000089f00000| Complete 
| 120|0x000000008a000000, 0x000000008a100000, 0x000000008a100000|100%| E|CS|TAMS 0x000000008a000000, 0x000000008a000000| Complete 
| 121|0x000000008a100000, 0x000000008a200000, 0x000000008a200000|100%| E|CS|TAMS 0x000000008a100000, 0x000000008a100000| Complete 
| 122|0x000000008a200000, 0x000000008a300000, 0x000000008a300000|100%| E|CS|TAMS 0x000000008a200000, 0x000000008a200000| Complete 
| 123|0x000000008a300000, 0x000000008a400000, 0x000000008a400000|100%| E|CS|TAMS 0x000000008a300000, 0x000000008a300000| Complete 
| 124|0x000000008a400000, 0x000000008a500000, 0x000000008a500000|100%| E|CS|TAMS 0x000000008a400000, 0x000000008a400000| Complete 
| 125|0x000000008a500000, 0x000000008a600000, 0x000000008a600000|100%| E|CS|TAMS 0x000000008a500000, 0x000000008a500000| Complete 

Card table byte_map: [0x00000228ae1e0000,0x00000228ae5d0000] _byte_map_base: 0x00000228addcc000

Marking Bits (Prev, Next): (CMBitMap*) 0x00000228993f86b0, (CMBitMap*) 0x00000228993f86f0
 Prev Bits: [0x00000228ae9c0000, 0x00000228b0920000)
 Next Bits: [0x00000228b0920000, 0x00000228b2880000)

Polling page: 0x0000022899460000

Metaspace:

Usage:
  Non-class:     15.88 MB used.
      Class:      2.26 MB used.
       Both:     18.14 MB used.

Virtual space:
  Non-class space:       64.00 MB reserved,      15.94 MB ( 25%) committed,  1 nodes.
      Class space:        1.00 GB reserved,       2.38 MB ( <1%) committed,  1 nodes.
             Both:        1.06 GB reserved,      18.31 MB (  2%) committed. 

Chunk freelists:
   Non-Class:  15.48 MB
       Class:  13.67 MB
        Both:  29.16 MB

MaxMetaspaceSize: unlimited
CompressedClassSpaceSize: 1.00 GB
Initial GC threshold: 21.00 MB
Current GC threshold: 21.00 MB
CDS: off
MetaspaceReclaimPolicy: balanced
 - commit_granule_bytes: 65536.
 - commit_granule_words: 8192.
 - virtual_space_node_default_size: 8388608.
 - enlarge_chunks_in_place: 1.
 - new_chunks_are_fully_committed: 0.
 - uncommit_free_chunks: 1.
 - use_allocation_guard: 0.
 - handle_deallocations: 1.


Internal statistics:

num_allocs_failed_limit: 0.
num_arena_births: 126.
num_arena_deaths: 0.
num_vsnodes_births: 2.
num_vsnodes_deaths: 0.
num_space_committed: 293.
num_space_uncommitted: 0.
num_chunks_returned_to_freelist: 0.
num_chunks_taken_from_freelist: 483.
num_chunk_merges: 0.
num_chunk_splits: 319.
num_chunks_enlarged: 245.
num_inconsistent_stats: 0.

CodeHeap 'non-profiled nmethods': size=120000Kb used=462Kb max_used=462Kb free=119537Kb
 bounds [0x00000228a5e50000, 0x00000228a60c0000, 0x00000228ad380000]
CodeHeap 'profiled nmethods': size=120000Kb used=2342Kb max_used=2342Kb free=117658Kb
 bounds [0x000002289e380000, 0x000002289e5f0000, 0x00000228a58b0000]
CodeHeap 'non-nmethods': size=5760Kb used=1294Kb max_used=1333Kb free=4465Kb
 bounds [0x00000228a58b0000, 0x00000228a5b20000, 0x00000228a5e50000]
 total_blobs=1996 nmethods=1372 adapters=537
 compilation: enabled
              stopped_count=0, restarted_count=0
 full_count=0

Compilation events (20 events):
Event: 1.234 Thread 0x00000228b550dd60 1360 %     3       java.util.Properties$LineReader::readLine @ 53 (584 bytes)
Event: 1.236 Thread 0x00000228b550dd60 nmethod 1360% 0x000002289e5c1090 code [0x000002289e5c1480, 0x000002289e5c4438]
Event: 1.236 Thread 0x00000228b550dd60 1361       3       java.nio.Buffer::hasRemaining (17 bytes)
Event: 1.237 Thread 0x00000228b550dd60 nmethod 1361 0x000002289e5c5290 code [0x000002289e5c5420, 0x000002289e5c5598]
Event: 1.286 Thread 0x00000228b550dd60 1363       3       java.lang.invoke.InnerClassLambdaMetafactory::getLoadOpcode (26 bytes)
Event: 1.287 Thread 0x00000228b550dd60 nmethod 1363 0x000002289e5c5610 code [0x000002289e5c57c0, 0x000002289e5c59f8]
Event: 1.287 Thread 0x00000228b550dd60 1364       3       jdk.internal.org.objectweb.asm.MethodVisitor::visitVarInsn (17 bytes)
Event: 1.287 Thread 0x00000228b550dd60 nmethod 1364 0x000002289e5c5b10 code [0x000002289e5c5cc0, 0x000002289e5c5ec8]
Event: 1.297 Thread 0x00000228b550dd60 1365       3       java.lang.invoke.MethodHandles$Lookup::findBoundCallerLookup (30 bytes)
Event: 1.297 Thread 0x00000228b550dd60 nmethod 1365 0x000002289e5c5f90 code [0x000002289e5c61a0, 0x000002289e5c6958]
Event: 1.297 Thread 0x00000228b550dd60 1366       3       java.lang.invoke.MethodHandles$Lookup::getDirectMethodCommon (280 bytes)
Event: 1.299 Thread 0x00000228b52ff480 1367   !   4       java.util.zip.InflaterInputStream::read (138 bytes)
Event: 1.302 Thread 0x00000228b550dd60 nmethod 1366 0x000002289e5c6c10 code [0x000002289e5c6f20, 0x000002289e5c7f98]
Event: 1.321 Thread 0x00000228b550dd60 1368       1       com.sun.javafx.tk.quantum.QuantumToolkit$PulseTask::get (5 bytes)
Event: 1.321 Thread 0x00000228b550dd60 nmethod 1368 0x00000228a5ebd490 code [0x00000228a5ebd620, 0x00000228a5ebd6f8]
Event: 1.327 Thread 0x00000228b550dd60 1369       3       java.lang.System::getProperty (25 bytes)
Event: 1.327 Thread 0x00000228b550dd60 nmethod 1369 0x000002289e5c8590 code [0x000002289e5c87a0, 0x000002289e5c8e98]
Event: 1.331 Thread 0x00000228b550dd60 1372       3       javafx.scene.Node::getScene (11 bytes)
Event: 1.332 Thread 0x00000228b550dd60 nmethod 1372 0x000002289e5c9110 code [0x000002289e5c92c0, 0x000002289e5c96a8]
Event: 1.332 Thread 0x00000228b550dd60 1374       3       com.sun.javafx.css.BitSet::addAll (374 bytes)

GC Heap History (2 events):
Event: 0.922 GC heap before
{Heap before GC invocations=0 (full 0):
 garbage-first heap   total 129024K, used 23552K [0x0000000082800000, 0x0000000100000000)
  region size 1024K, 23 young (23552K), 0 survivors (0K)
 Metaspace       used 13370K, committed 13568K, reserved 1114112K
  class space    used 1434K, committed 1536K, reserved 1048576K
}
Event: 0.926 GC heap after
{Heap after GC invocations=1 (full 0):
 garbage-first heap   total 129024K, used 2645K [0x0000000082800000, 0x0000000100000000)
  region size 1024K, 3 young (3072K), 3 survivors (3072K)
 Metaspace       used 13370K, committed 13568K, reserved 1114112K
  class space    used 1434K, committed 1536K, reserved 1048576K
}

Dll operation events (2 events):
Event: 0.013 Loaded shared library C:\Users\Aziz\.jdks\jbr-17.0.8.1\bin\java.dll
Event: 0.055 Loaded shared library C:\Users\Aziz\.jdks\jbr-17.0.8.1\bin\jsvml.dll

Deoptimization events (20 events):
Event: 1.221 Thread 0x00000228ba5a1a30 DEOPT PACKING pc=0x000002289e5bc0e2 sp=0x000000842e4fda50
Event: 1.221 Thread 0x00000228ba5a1a30 DEOPT UNPACKING pc=0x00000228a5907143 sp=0x000000842e4fced0 mode 0
Event: 1.221 Thread 0x00000228ba5a1a30 DEOPT PACKING pc=0x000002289e5bc0e2 sp=0x000000842e4fda50
Event: 1.221 Thread 0x00000228ba5a1a30 DEOPT UNPACKING pc=0x00000228a5907143 sp=0x000000842e4fced0 mode 0
Event: 1.221 Thread 0x00000228ba5a1a30 DEOPT PACKING pc=0x000002289e5bc0e2 sp=0x000000842e4fda50
Event: 1.221 Thread 0x00000228ba5a1a30 DEOPT UNPACKING pc=0x00000228a5907143 sp=0x000000842e4fced0 mode 0
Event: 1.221 Thread 0x00000228ba5a1a30 DEOPT PACKING pc=0x000002289e5bc0e2 sp=0x000000842e4fda50
Event: 1.221 Thread 0x00000228ba5a1a30 DEOPT UNPACKING pc=0x00000228a5907143 sp=0x000000842e4fced0 mode 0
Event: 1.221 Thread 0x00000228ba5a1a30 DEOPT PACKING pc=0x000002289e5bc0e2 sp=0x000000842e4fda50
Event: 1.221 Thread 0x00000228ba5a1a30 DEOPT UNPACKING pc=0x00000228a5907143 sp=0x000000842e4fced0 mode 0
Event: 1.221 Thread 0x00000228ba5a1a30 DEOPT PACKING pc=0x000002289e5bc0e2 sp=0x000000842e4fda50
Event: 1.221 Thread 0x00000228ba5a1a30 DEOPT UNPACKING pc=0x00000228a5907143 sp=0x000000842e4fced0 mode 0
Event: 1.222 Thread 0x00000228ba5a1a30 DEOPT PACKING pc=0x000002289e5bc0e2 sp=0x000000842e4fda50
Event: 1.222 Thread 0x00000228ba5a1a30 DEOPT UNPACKING pc=0x00000228a5907143 sp=0x000000842e4fced0 mode 0
Event: 1.222 Thread 0x00000228ba5a1a30 DEOPT PACKING pc=0x000002289e5bc0e2 sp=0x000000842e4fda50
Event: 1.222 Thread 0x00000228ba5a1a30 DEOPT UNPACKING pc=0x00000228a5907143 sp=0x000000842e4fced0 mode 0
Event: 1.222 Thread 0x00000228ba5a1a30 DEOPT PACKING pc=0x000002289e5bc0e2 sp=0x000000842e4fda50
Event: 1.222 Thread 0x00000228ba5a1a30 DEOPT UNPACKING pc=0x00000228a5907143 sp=0x000000842e4fced0 mode 0
Event: 1.222 Thread 0x00000228ba5a1a30 DEOPT PACKING pc=0x000002289e5bc0e2 sp=0x000000842e4fda50
Event: 1.222 Thread 0x00000228ba5a1a30 DEOPT UNPACKING pc=0x00000228a5907143 sp=0x000000842e4fced0 mode 0

Classes unloaded (0 events):
No events

Classes redefined (0 events):
No events

Internal exceptions (19 events):
Event: 0.319 Thread 0x000002289939e0b0 Exception <a 'java/lang/NoSuchMethodError'{0x0000000089fde778}: 'java.lang.Object java.lang.invoke.DirectMethodHandle$Holder.invokeStaticInit(java.lang.Object)'> (0x0000000089fde778) 
thrown [s\src\hotspot\share\interpreter\linkResolver.cpp, line 771]
Event: 0.324 Thread 0x000002289939e0b0 Exception <a 'java/lang/NoSuchMethodError'{0x0000000089fe6388}: 'void java.lang.invoke.DirectMethodHandle$Holder.invokeStatic(java.lang.Object, java.lang.Object)'> (0x0000000089fe6388) 
thrown [s\src\hotspot\share\interpreter\linkResolver.cpp, line 771]
Event: 0.643 Thread 0x000002289939e0b0 Exception <a 'java/lang/NoSuchMethodError'{0x00000000899da330}: 'void java.lang.invoke.DirectMethodHandle$Holder.invokeSpecial(java.lang.Object, java.lang.Object, java.lang.Object)'> (0x00000000899da330) 
thrown [s\src\hotspot\share\interpreter\linkResolver.cpp, line 771]
Event: 0.652 Thread 0x000002289939e0b0 Exception <a 'java/lang/NoSuchMethodError'{0x0000000089814590}: 'void java.lang.invoke.DirectMethodHandle$Holder.invokeStatic(java.lang.Object, java.lang.Object, java.lang.Object)'> (0x0000000089814590) 
thrown [s\src\hotspot\share\interpreter\linkResolver.cpp, line 771]
Event: 0.704 Thread 0x000002289939e0b0 Exception <a 'java/lang/NoSuchMethodError'{0x0000000089831180}: 'int java.lang.invoke.DirectMethodHandle$Holder.invokeStaticInit(java.lang.Object, java.lang.Object, java.lang.Object)'> (0x0000000089831180) 
thrown [s\src\hotspot\share\interpreter\linkResolver.cpp, line 771]
Event: 0.734 Thread 0x000002289939e0b0 Exception <a 'java/lang/NoSuchMethodError'{0x00000000897643e0}: 'java.lang.Object java.lang.invoke.DirectMethodHandle$Holder.newInvokeSpecial(java.lang.Object, java.lang.Object, int, java.lang.Object)'> (0x00000000897643e0) 
thrown [s\src\hotspot\share\interpreter\linkResolver.cpp, line 771]
Event: 0.735 Thread 0x000002289939e0b0 Exception <a 'java/lang/NoSuchMethodError'{0x00000000897687c0}: 'java.lang.Object java.lang.invoke.DirectMethodHandle$Holder.invokeSpecial(java.lang.Object, java.lang.Object, java.lang.Object, int, java.lang.Object)'> (0x00000000897687c0) 
thrown [s\src\hotspot\share\interpreter\linkResolver.cpp, line 771]
Event: 0.788 Thread 0x00000228ba5a1a30 Exception <a 'java/lang/NoSuchMethodError'{0x00000000896f9200}: 'void java.lang.invoke.DirectMethodHandle$Holder.invokeStaticInit(java.lang.Object)'> (0x00000000896f9200) 
thrown [s\src\hotspot\share\interpreter\linkResolver.cpp, line 771]
Event: 0.791 Thread 0x000002289939e0b0 Exception <a 'java/lang/NoSuchMethodError'{0x000000008957daa0}: 'java.lang.Object java.lang.invoke.DirectMethodHandle$Holder.newInvokeSpecial(java.lang.Object, java.lang.Object, java.lang.Object, java.lang.Object, java.lang.Object, java.lang.Object)'> (0x000000008957daa0) 
thrown [s\src\hotspot\share\interpreter\linkResolver.cpp, line 771]
Event: 0.797 Thread 0x000002289939e0b0 Exception <a 'java/lang/NoSuchMethodError'{0x00000000895ae510}: 'java.lang.Object java.lang.invoke.DirectMethodHandle$Holder.newInvokeSpecial(java.lang.Object, java.lang.Object, java.lang.Object, java.lang.Object, java.lang.Object)'> (0x00000000895ae510) 
thrown [s\src\hotspot\share\interpreter\linkResolver.cpp, line 771]
Event: 0.798 Thread 0x00000228ba6112b0 Exception <a 'java/lang/NoSuchMethodError'{0x00000000895f1718}: 'void java.lang.invoke.DirectMethodHandle$Holder.invokeStatic(java.lang.Object, java.lang.Object, java.lang.Object, java.lang.Object)'> (0x00000000895f1718) 
thrown [s\src\hotspot\share\interpreter\linkResolver.cpp, line 771]
Event: 0.927 Thread 0x00000228ba5a1a30 Exception <a 'java/lang/NoSuchMethodError'{0x000000008a502d38}: 'java.lang.Object java.lang.invoke.DirectMethodHandle$Holder.invokeStaticInit(java.lang.Object, java.lang.Object, java.lang.Object, java.lang.Object)'> (0x000000008a502d38) 
thrown [s\src\hotspot\share\interpreter\linkResolver.cpp, line 771]
Event: 0.928 Thread 0x00000228ba5a1a30 Exception <a 'java/lang/NullPointerException'{0x000000008a50ea00}> (0x000000008a50ea00) 
thrown [s\src\hotspot\share\interpreter\linkResolver.cpp, line 1362]
Event: 1.001 Thread 0x00000228ba5a1a30 Exception <a 'java/lang/ClassNotFoundException'{0x000000008a2d2df8}: com/sun/glass/ui/win/themes> (0x000000008a2d2df8) 
thrown [s\src\hotspot\share\prims\jni.cpp, line 536]
Event: 1.002 Thread 0x00000228ba5a1a30 Exception <a 'java/lang/ClassNotFoundException'{0x000000008a2dfe78}: com/sun/glass/ui/win/themes_fr> (0x000000008a2dfe78) 
thrown [s\src\hotspot\share\prims\jni.cpp, line 536]
Event: 1.003 Thread 0x00000228ba5a1a30 Exception <a 'java/lang/ClassNotFoundException'{0x000000008a2e7f40}: com/sun/glass/ui/win/themes_fr_FR> (0x000000008a2e7f40) 
thrown [s\src\hotspot\share\prims\jni.cpp, line 536]
Event: 1.083 Thread 0x00000228ba5a1a30 Exception <a 'java/lang/NoSuchMethodError'{0x0000000089c8c568}: 'void java.lang.invoke.DirectMethodHandle$Holder.invokeStaticInit(java.lang.Object, java.lang.Object)'> (0x0000000089c8c568) 
thrown [s\src\hotspot\share\interpreter\linkResolver.cpp, line 771]
Event: 1.113 Thread 0x00000228ba5a1a30 Exception <a 'java/lang/NoSuchMethodError'{0x0000000089a1d508}: 'void java.lang.invoke.DirectMethodHandle$Holder.invokeSpecial(java.lang.Object, java.lang.Object, java.lang.Object, java.lang.Object, java.lang.Object)'> (0x0000000089a1d508) 
thrown [s\src\hotspot\share\interpreter\linkResolver.cpp, line 771]
Event: 1.171 Thread 0x00000228ba5a1a30 Exception <a 'java/io/FileNotFoundException'{0x0000000089867950}> (0x0000000089867950) 
thrown [s\src\hotspot\share\prims\jni.cpp, line 517]

VM Operations (10 events):
Event: 0.234 Executing VM operation: HandshakeAllThreads
Event: 0.234 Executing VM operation: HandshakeAllThreads done
Event: 0.288 Executing VM operation: HandshakeAllThreads
Event: 0.288 Executing VM operation: HandshakeAllThreads done
Event: 0.719 Executing VM operation: HandshakeAllThreads
Event: 0.719 Executing VM operation: HandshakeAllThreads done
Event: 0.922 Executing VM operation: G1CollectForAllocation
Event: 0.926 Executing VM operation: G1CollectForAllocation done
Event: 1.031 Executing VM operation: HandshakeAllThreads
Event: 1.031 Executing VM operation: HandshakeAllThreads done

Events (20 events):
Event: 1.167 loading class java/util/IdentityHashMap$Values
Event: 1.167 loading class java/util/IdentityHashMap$Values done
Event: 1.167 loading class java/util/logging/LogManager$4
Event: 1.167 loading class java/util/logging/LogManager$4 done
Event: 1.168 loading class sun/util/logging/internal/LoggingProviderImpl$JULWrapper
Event: 1.168 loading class sun/util/logging/PlatformLogger$ConfigurableBridge$LoggerConfiguration
Event: 1.168 loading class sun/util/logging/PlatformLogger$ConfigurableBridge$LoggerConfiguration done
Event: 1.168 loading class sun/util/logging/internal/LoggingProviderImpl$JULWrapper done
Event: 1.173 loading class java/io/CharArrayReader
Event: 1.173 loading class java/io/CharArrayReader done
Event: 1.181 loading class java/lang/invoke/MethodHandle$1
Event: 1.181 loading class java/lang/invoke/MethodHandle$1 done
Event: 1.195 loading class java/lang/System$Logger$Level
Event: 1.195 loading class java/lang/System$Logger$Level done
Event: 1.234 loading class java/util/ResourceBundle$3
Event: 1.234 loading class java/util/ResourceBundle$3 done
Event: 1.288 loading class java/lang/StrictMath
Event: 1.288 loading class java/lang/StrictMath done
Event: 1.326 loading class jdk/jfr/FlightRecorder
Event: 1.327 loading class jdk/jfr/FlightRecorder done


Dynamic libraries:
0x00007ff694590000 - 0x00007ff69459a000 	C:\Users\Aziz\.jdks\jbr-17.0.8.1\bin\java.exe
0x00007ffdafaf0000 - 0x00007ffdafce8000 	C:\Windows\SYSTEM32\ntdll.dll
0x00007ffdae7e0000 - 0x00007ffdae89d000 	C:\Windows\System32\KERNEL32.DLL
0x00007ffdad610000 - 0x00007ffdad906000 	C:\Windows\System32\KERNELBASE.dll
0x00007ffdad4e0000 - 0x00007ffdad5e0000 	C:\Windows\System32\ucrtbase.dll
0x00007ffda25e0000 - 0x00007ffda25fb000 	C:\Users\Aziz\.jdks\jbr-17.0.8.1\bin\VCRUNTIME140.dll
0x00007ffd9f070000 - 0x00007ffd9f087000 	C:\Users\Aziz\.jdks\jbr-17.0.8.1\bin\jli.dll
0x00007ffdae8a0000 - 0x00007ffdaea3f000 	C:\Windows\System32\USER32.dll
0x00007ffdada80000 - 0x00007ffdadaa2000 	C:\Windows\System32\win32u.dll
0x00007ffd96b20000 - 0x00007ffd96dba000 	C:\Windows\WinSxS\amd64_microsoft.windows.common-controls_6595b64144ccf1df_6.0.19041.3636_none_60b6a03d71f818d5\COMCTL32.dll
0x00007ffdadbd0000 - 0x00007ffdadbfb000 	C:\Windows\System32\GDI32.dll
0x00007ffdae140000 - 0x00007ffdae1de000 	C:\Windows\System32\msvcrt.dll
0x00007ffdad910000 - 0x00007ffdada27000 	C:\Windows\System32\gdi32full.dll
0x00007ffdad1a0000 - 0x00007ffdad23d000 	C:\Windows\System32\msvcp_win.dll
0x00007ffdadc60000 - 0x00007ffdadc92000 	C:\Windows\System32\IMM32.DLL
0x00007ffda6460000 - 0x00007ffda646c000 	C:\Users\Aziz\.jdks\jbr-17.0.8.1\bin\vcruntime140_1.dll
0x00007ffd9d600000 - 0x00007ffd9d68d000 	C:\Users\Aziz\.jdks\jbr-17.0.8.1\bin\msvcp140.dll
0x00007ffd709d0000 - 0x00007ffd71653000 	C:\Users\Aziz\.jdks\jbr-17.0.8.1\bin\server\jvm.dll
0x00007ffdafa00000 - 0x00007ffdafab0000 	C:\Windows\System32\ADVAPI32.dll
0x00007ffdaf490000 - 0x00007ffdaf530000 	C:\Windows\System32\sechost.dll
0x00007ffdae620000 - 0x00007ffdae743000 	C:\Windows\System32\RPCRT4.dll
0x00007ffdad5e0000 - 0x00007ffdad607000 	C:\Windows\System32\bcrypt.dll
0x00007ffdacee0000 - 0x00007ffdacf2b000 	C:\Windows\SYSTEM32\POWRPROF.dll
0x00007ffd8fb70000 - 0x00007ffd8fb79000 	C:\Windows\SYSTEM32\WSOCK32.dll
0x00007ffda66a0000 - 0x00007ffda66aa000 	C:\Windows\SYSTEM32\VERSION.dll
0x00007ffd94580000 - 0x00007ffd945a7000 	C:\Windows\SYSTEM32\WINMM.dll
0x00007ffdaea50000 - 0x00007ffdaeabb000 	C:\Windows\System32\WS2_32.dll
0x00007ffdacec0000 - 0x00007ffdaced2000 	C:\Windows\SYSTEM32\UMPDC.dll
0x00007ffdab9c0000 - 0x00007ffdab9d2000 	C:\Windows\SYSTEM32\kernel.appcore.dll
0x00007ffda6410000 - 0x00007ffda641a000 	C:\Users\Aziz\.jdks\jbr-17.0.8.1\bin\jimage.dll
0x00007ffdaadc0000 - 0x00007ffdaafa4000 	C:\Windows\SYSTEM32\DBGHELP.DLL
0x00007ffda7ba0000 - 0x00007ffda7bd4000 	C:\Windows\SYSTEM32\dbgcore.DLL
0x00007ffdad450000 - 0x00007ffdad4d2000 	C:\Windows\System32\bcryptPrimitives.dll
0x00007ffd9df90000 - 0x00007ffd9dfb5000 	C:\Users\Aziz\.jdks\jbr-17.0.8.1\bin\java.dll
0x00007ffd9e680000 - 0x00007ffd9e698000 	C:\Users\Aziz\.jdks\jbr-17.0.8.1\bin\zip.dll
0x00007ffd94e50000 - 0x00007ffd94f27000 	C:\Users\Aziz\.jdks\jbr-17.0.8.1\bin\jsvml.dll
0x00007ffdaeb20000 - 0x00007ffdaf28b000 	C:\Windows\System32\SHELL32.dll
0x00007ffdab210000 - 0x00007ffdab9ae000 	C:\Windows\SYSTEM32\windows.storage.dll
0x00007ffdae1e0000 - 0x00007ffdae533000 	C:\Windows\System32\combase.dll
0x00007ffdacb00000 - 0x00007ffdacb2e000 	C:\Windows\SYSTEM32\Wldp.dll
0x00007ffdaf290000 - 0x00007ffdaf35d000 	C:\Windows\System32\OLEAUT32.dll
0x00007ffdaf3e0000 - 0x00007ffdaf48d000 	C:\Windows\System32\SHCORE.dll
0x00007ffdadc00000 - 0x00007ffdadc55000 	C:\Windows\System32\shlwapi.dll
0x00007ffdad0d0000 - 0x00007ffdad0f3000 	C:\Windows\SYSTEM32\profapi.dll
0x00007ffd9e4c0000 - 0x00007ffd9e4d9000 	C:\Users\Aziz\.jdks\jbr-17.0.8.1\bin\net.dll
0x00007ffda3850000 - 0x00007ffda395a000 	C:\Windows\SYSTEM32\WINHTTP.dll
0x00007ffdac860000 - 0x00007ffdac8ca000 	C:\Windows\system32\mswsock.dll
0x00007ffd9e470000 - 0x00007ffd9e486000 	C:\Users\Aziz\.jdks\jbr-17.0.8.1\bin\nio.dll
0x00000228994a0000 - 0x00000228994a3000 	C:\Users\Aziz\.openjfx\cache\21.0.2+5\amd64\api-ms-win-core-console-l1-1-0.dll
0x00000228994b0000 - 0x00000228994b3000 	C:\Users\Aziz\.openjfx\cache\21.0.2+5\amd64\api-ms-win-core-console-l1-2-0.dll
0x00000228b59e0000 - 0x00000228b59e3000 	C:\Users\Aziz\.openjfx\cache\21.0.2+5\amd64\api-ms-win-core-datetime-l1-1-0.dll
0x00000228b59f0000 - 0x00000228b59f3000 	C:\Users\Aziz\.openjfx\cache\21.0.2+5\amd64\api-ms-win-core-debug-l1-1-0.dll
0x00000228b5a00000 - 0x00000228b5a03000 	C:\Users\Aziz\.openjfx\cache\21.0.2+5\amd64\api-ms-win-core-errorhandling-l1-1-0.dll
0x00000228b5a10000 - 0x00000228b5a14000 	C:\Users\Aziz\.openjfx\cache\21.0.2+5\amd64\api-ms-win-core-file-l1-1-0.dll
0x00000228b5a20000 - 0x00000228b5a23000 	C:\Users\Aziz\.openjfx\cache\21.0.2+5\amd64\api-ms-win-core-file-l1-2-0.dll
0x00000228b5a30000 - 0x00000228b5a33000 	C:\Users\Aziz\.openjfx\cache\21.0.2+5\amd64\api-ms-win-core-file-l2-1-0.dll
0x00000228b5a40000 - 0x00000228b5a43000 	C:\Users\Aziz\.openjfx\cache\21.0.2+5\amd64\api-ms-win-core-handle-l1-1-0.dll
0x00000228b5a50000 - 0x00000228b5a53000 	C:\Users\Aziz\.openjfx\cache\21.0.2+5\amd64\api-ms-win-core-heap-l1-1-0.dll
0x00000228b5a60000 - 0x00000228b5a63000 	C:\Users\Aziz\.openjfx\cache\21.0.2+5\amd64\api-ms-win-core-interlocked-l1-1-0.dll
0x00000228b5a70000 - 0x00000228b5a73000 	C:\Users\Aziz\.openjfx\cache\21.0.2+5\amd64\api-ms-win-core-libraryloader-l1-1-0.dll
0x00000228b5a80000 - 0x00000228b5a83000 	C:\Users\Aziz\.openjfx\cache\21.0.2+5\amd64\api-ms-win-core-localization-l1-2-0.dll
0x00000228b5a90000 - 0x00000228b5a93000 	C:\Users\Aziz\.openjfx\cache\21.0.2+5\amd64\api-ms-win-core-memory-l1-1-0.dll
0x00000228b5aa0000 - 0x00000228b5aa3000 	C:\Users\Aziz\.openjfx\cache\21.0.2+5\amd64\api-ms-win-core-namedpipe-l1-1-0.dll
0x00000228b5ab0000 - 0x00000228b5ab3000 	C:\Users\Aziz\.openjfx\cache\21.0.2+5\amd64\api-ms-win-core-processenvironment-l1-1-0.dll
0x00000228b5ac0000 - 0x00000228b5ac3000 	C:\Users\Aziz\.openjfx\cache\21.0.2+5\amd64\api-ms-win-core-processthreads-l1-1-0.dll
0x00000228b5ad0000 - 0x00000228b5ad3000 	C:\Users\Aziz\.openjfx\cache\21.0.2+5\amd64\api-ms-win-core-processthreads-l1-1-1.dll
0x00000228b5ae0000 - 0x00000228b5ae3000 	C:\Users\Aziz\.openjfx\cache\21.0.2+5\amd64\api-ms-win-core-profile-l1-1-0.dll
0x00000228b5af0000 - 0x00000228b5af3000 	C:\Users\Aziz\.openjfx\cache\21.0.2+5\amd64\api-ms-win-core-rtlsupport-l1-1-0.dll
0x00000228b5b00000 - 0x00000228b5b03000 	C:\Users\Aziz\.openjfx\cache\21.0.2+5\amd64\api-ms-win-core-string-l1-1-0.dll
0x00000228b5b10000 - 0x00000228b5b13000 	C:\Users\Aziz\.openjfx\cache\21.0.2+5\amd64\api-ms-win-core-synch-l1-1-0.dll
0x00000228b5b20000 - 0x00000228b5b23000 	C:\Users\Aziz\.openjfx\cache\21.0.2+5\amd64\api-ms-win-core-synch-l1-2-0.dll
0x00000228b5b30000 - 0x00000228b5b33000 	C:\Users\Aziz\.openjfx\cache\21.0.2+5\amd64\api-ms-win-core-sysinfo-l1-1-0.dll
0x00000228b5b40000 - 0x00000228b5b43000 	C:\Users\Aziz\.openjfx\cache\21.0.2+5\amd64\api-ms-win-core-timezone-l1-1-0.dll
0x00000228b5b50000 - 0x00000228b5b53000 	C:\Users\Aziz\.openjfx\cache\21.0.2+5\amd64\api-ms-win-core-util-l1-1-0.dll
0x00000228b5b60000 - 0x00000228b5b63000 	C:\Users\Aziz\.openjfx\cache\21.0.2+5\amd64\api-ms-win-crt-conio-l1-1-0.dll
0x00000228b5b70000 - 0x00000228b5b74000 	C:\Users\Aziz\.openjfx\cache\21.0.2+5\amd64\api-ms-win-crt-convert-l1-1-0.dll
0x00000228b5b80000 - 0x00000228b5b83000 	C:\Users\Aziz\.openjfx\cache\21.0.2+5\amd64\api-ms-win-crt-environment-l1-1-0.dll
0x00000228b5b90000 - 0x00000228b5b93000 	C:\Users\Aziz\.openjfx\cache\21.0.2+5\amd64\api-ms-win-crt-filesystem-l1-1-0.dll
0x00000228b5ba0000 - 0x00000228b5ba3000 	C:\Users\Aziz\.openjfx\cache\21.0.2+5\amd64\api-ms-win-crt-heap-l1-1-0.dll
0x00000228b5bb0000 - 0x00000228b5bb3000 	C:\Users\Aziz\.openjfx\cache\21.0.2+5\amd64\api-ms-win-crt-locale-l1-1-0.dll
0x00000228b5bc0000 - 0x00000228b5bc5000 	C:\Users\Aziz\.openjfx\cache\21.0.2+5\amd64\api-ms-win-crt-math-l1-1-0.dll
0x00000228b5bd0000 - 0x00000228b5bd5000 	C:\Users\Aziz\.openjfx\cache\21.0.2+5\amd64\api-ms-win-crt-multibyte-l1-1-0.dll
0x00000228b5be0000 - 0x00000228b5bf0000 	C:\Users\Aziz\.openjfx\cache\21.0.2+5\amd64\api-ms-win-crt-private-l1-1-0.dll
0x00000228b5bf0000 - 0x00000228b5bf3000 	C:\Users\Aziz\.openjfx\cache\21.0.2+5\amd64\api-ms-win-crt-process-l1-1-0.dll
0x00000228b5c00000 - 0x00000228b5c04000 	C:\Users\Aziz\.openjfx\cache\21.0.2+5\amd64\api-ms-win-crt-runtime-l1-1-0.dll
0x00000228b5c10000 - 0x00000228b5c14000 	C:\Users\Aziz\.openjfx\cache\21.0.2+5\amd64\api-ms-win-crt-stdio-l1-1-0.dll
0x00000228b5c20000 - 0x00000228b5c24000 	C:\Users\Aziz\.openjfx\cache\21.0.2+5\amd64\api-ms-win-crt-string-l1-1-0.dll
0x00000228b5c30000 - 0x00000228b5c33000 	C:\Users\Aziz\.openjfx\cache\21.0.2+5\amd64\api-ms-win-crt-time-l1-1-0.dll
0x00000228b5c40000 - 0x00000228b5c43000 	C:\Users\Aziz\.openjfx\cache\21.0.2+5\amd64\api-ms-win-crt-utility-l1-1-0.dll
0x00007ffd91f70000 - 0x00007ffd9206c000 	C:\Users\Aziz\.openjfx\cache\21.0.2+5\amd64\ucrtbase.dll
0x00007ffda70e0000 - 0x00007ffda70fb000 	C:\Users\Aziz\.openjfx\cache\21.0.2+5\amd64\vcruntime140.dll
0x00007ffda7110000 - 0x00007ffda711c000 	C:\Users\Aziz\.openjfx\cache\21.0.2+5\amd64\vcruntime140_1.dll
0x00007ffd97df0000 - 0x00007ffd97e7e000 	C:\Users\Aziz\.openjfx\cache\21.0.2+5\amd64\msvcp140.dll
0x00007ffda6fc0000 - 0x00007ffda6fc9000 	C:\Users\Aziz\.openjfx\cache\21.0.2+5\amd64\msvcp140_1.dll
0x00007ffd9ab40000 - 0x00007ffd9ab81000 	C:\Users\Aziz\.openjfx\cache\21.0.2+5\amd64\msvcp140_2.dll
0x00007ffd9e2a0000 - 0x00007ffd9e2d0000 	C:\Users\Aziz\.openjfx\cache\21.0.2+5\amd64\prism_d3d.dll
0x00007ffd89d90000 - 0x00007ffd89f5d000 	C:\Windows\system32\d3d9.dll
0x00007ffdaa980000 - 0x00007ffdaa9af000 	C:\Windows\SYSTEM32\dwmapi.dll
0x00007ffdaa7a0000 - 0x00007ffdaa83e000 	C:\Windows\system32\uxtheme.dll
0x00007ffd8d3d0000 - 0x00007ffd8d535000 	C:\Windows\System32\DriverStore\FileRepository\iigd_dch.inf_amd64_4b31d9b38e2bb506\igdumdim64.dll
0x00007ffdadcb0000 - 0x00007ffdadddb000 	C:\Windows\System32\ole32.dll
0x00007ffda1eb0000 - 0x00007ffda21e6000 	C:\Windows\System32\DriverStore\FileRepository\iigd_dch.inf_amd64_4b31d9b38e2bb506\igdgmm64.dll
0x00007ffd99a60000 - 0x00007ffd99aa2000 	C:\Users\Aziz\.openjfx\cache\21.0.2+5\amd64\glass.dll
0x00007ffdae540000 - 0x00007ffdae61a000 	C:\Windows\System32\COMDLG32.dll
0x00007ffdae020000 - 0x00007ffdae135000 	C:\Windows\System32\MSCTF.dll
0x00007ffd9e270000 - 0x00007ffd9e284000 	C:\Users\Aziz\.openjfx\cache\21.0.2+5\amd64\javafx_font.dll
0x00007ffd917c0000 - 0x00007ffd91a3f000 	C:\Windows\SYSTEM32\dwrite.dll
0x00007ffdadb20000 - 0x00007ffdadbc9000 	C:\Windows\System32\clbcatq.dll
0x00007ffda7830000 - 0x00007ffda79e4000 	C:\Windows\SYSTEM32\WindowsCodecs.dll
0x00007ffd966e0000 - 0x00007ffd9671e000 	C:\Windows\system32\dataexchange.dll
0x00007ffda9140000 - 0x00007ffda93a3000 	C:\Windows\system32\d3d11.dll
0x00007ffda9ac0000 - 0x00007ffda9ca5000 	C:\Windows\system32\dcomp.dll
0x00007ffdaba30000 - 0x00007ffdabb23000 	C:\Windows\system32\dxgi.dll
0x00007ffda7c90000 - 0x00007ffda7e93000 	C:\Windows\system32\twinapi.appcore.dll
0x00007ffd94cb0000 - 0x00007ffd94ce4000 	C:\Program Files\Common Files\Microsoft Shared\Ink\rtscom.dll

dbghelp: loaded successfully - version: 4.0.5 - missing functions: none
symbol engine: initialized successfully - sym options: 0x614 - pdb path: .;C:\Users\Aziz\.jdks\jbr-17.0.8.1\bin;C:\Windows\SYSTEM32;C:\Windows\WinSxS\amd64_microsoft.windows.common-controls_6595b64144ccf1df_6.0.19041.3636_none_60b6a03d71f818d5;C:\Users\Aziz\.jdks\jbr-17.0.8.1\bin\server;C:\Users\Aziz\.openjfx\cache\21.0.2+5\amd64;C:\Windows\System32\DriverStore\FileRepository\iigd_dch.inf_amd64_4b31d9b38e2bb506;C:\Program Files\Common Files\Microsoft Shared\Ink

VM Arguments:
jvm_args: --module-path=C:\Users\Aziz\.m2\repository\org\openjfx\javafx-base\21.0.2\javafx-base-21.0.2-win.jar;C:\Users\Aziz\.m2\repository\org\openjfx\javafx-base\21.0.2\javafx-base-21.0.2.jar;C:\Users\Aziz\.m2\repository\org\openjfx\javafx-controls\21.0.2\javafx-controls-21.0.2-win.jar;C:\Users\Aziz\.m2\repository\org\openjfx\javafx-controls\21.0.2\javafx-controls-21.0.2.jar;C:\Users\Aziz\.m2\repository\org\openjfx\javafx-fxml\21.0.2\javafx-fxml-21.0.2-win.jar;C:\Users\Aziz\.m2\repository\org\openjfx\javafx-fxml\21.0.2\javafx-fxml-21.0.2.jar;C:\Users\Aziz\.m2\repository\org\openjfx\javafx-graphics\21.0.2\javafx-graphics-21.0.2-win.jar;C:\Users\Aziz\.m2\repository\org\openjfx\javafx-graphics\21.0.2\javafx-graphics-21.0.2.jar --add-modules=javafx.base,javafx.controls,javafx.fxml,javafx.graphics 
java_command: tests.MainFX
java_class_path (initial): C:\Users\Aziz\Desktop\WorkShopJDBC3A58\target\classes;C:\Users\Aziz\.m2\repository\com\google\protobuf\protobuf-java\3.21.9\protobuf-java-3.21.9.jar;C:\Users\Aziz\.m2\repository\com\mysql\mysql-connector-j\8.0.33\mysql-connector-j-8.0.33.jar
Launcher Type: SUN_STANDARD

[Global flags]
     intx CICompilerCount                          = 4                                         {product} {ergonomic}
     uint ConcGCThreads                            = 2                                         {product} {ergonomic}
     uint G1ConcRefinementThreads                  = 8                                         {product} {ergonomic}
   size_t G1HeapRegionSize                         = 1048576                                   {product} {ergonomic}
    uintx GCDrainStackTargetSize                   = 64                                        {product} {ergonomic}
   size_t InitialHeapSize                          = 132120576                                 {product} {ergonomic}
   size_t MarkStackSize                            = 4194304                                   {product} {ergonomic}
   size_t MaxHeapSize                              = 2105540608                                {product} {ergonomic}
   size_t MaxNewSize                               = 1262485504                                {product} {ergonomic}
   size_t MinHeapDeltaBytes                        = 1048576                                   {product} {ergonomic}
   size_t MinHeapSize                              = 8388608                                   {product} {ergonomic}
    uintx NonNMethodCodeHeapSize                   = 5839372                                {pd product} {ergonomic}
    uintx NonProfiledCodeHeapSize                  = 122909434                              {pd product} {ergonomic}
    uintx ProfiledCodeHeapSize                     = 122909434                              {pd product} {ergonomic}
    uintx ReservedCodeCacheSize                    = 251658240                              {pd product} {ergonomic}
     bool SegmentedCodeCache                       = true                                      {product} {ergonomic}
   size_t SoftMaxHeapSize                          = 2105540608                             {manageable} {ergonomic}
     bool UseCompressedClassPointers               = true                           {product lp64_product} {ergonomic}
     bool UseCompressedOops                        = true                           {product lp64_product} {ergonomic}
     bool UseG1GC                                  = true                                      {product} {ergonomic}
     bool UseLargePagesIndividualAllocation        = false                                  {pd product} {ergonomic}

Logging:
Log output configuration:
 #0: stdout all=warning uptime,level,tags
 #1: stderr all=off uptime,level,tags

Environment Variables:
PATH=C:\oraclexe\app\oracle\product\11.2.0\server\bin;C:\Program Files (x86)\VMware\VMware Workstation\bin\;C:\Windows\system32;C:\Windows;C:\Windows\System32\Wbem;C:\Windows\System32\WindowsPowerShell\v1.0\;C:\Windows\System32\OpenSSH\;C:\Program Files (x86)\dotnet\;C:\Program Files\dotnet\;C:\Users\Aziz\.jdks\jbr-17.0.8.1\bin;C:\xampp\php;C:\ProgramData\ComposerSetup\bin;C:\Program Files (x86)\GnuWin32\bin;C:\Program Files (x86)\CodeBlocks\MinGW\bin;C:\Program Files\Git\cmd;C:\Program Files\nodejs\;C:\Users\Aziz\scoop\shims;C:\Users\Aziz\AppData\Local\Microsoft\WindowsApps;C:\Users\Aziz\AppData\Roaming\Composer\vendor\bin;C:\Users\Aziz\AppData\Local\Programs\Microsoft VS Code\bin;C:\Users\Aziz\AppData\Roaming\npm
USERNAME=Aziz
OS=Windows_NT
PROCESSOR_IDENTIFIER=Intel64 Family 6 Model 142 Stepping 12, GenuineIntel
TMP=C:\Users\Aziz\AppData\Local\Temp
TEMP=C:\Users\Aziz\AppData\Local\Temp


JNI global refs:
JNI global refs: 19, weak refs: 4

JNI global refs memory usage: 843, weak refs: 841

OOME stack traces (most recent first):
Classloader memory used:
Loader bootstrap                                                                       : 1423K
Loader jdk.internal.loader.ClassLoaders$AppClassLoader                                 : 896K
Loader jdk.internal.loader.ClassLoaders$PlatformClassLoader                            : 1294B
Loader jdk.internal.reflect.DelegatingClassLoader                                      : 929B
Loader com.sun.javafx.reflect.MethodUtil                                               : 364B


---------------  S Y S T E M  ---------------

OS:
 Windows 10 , 64 bit Build 19041 (10.0.19041.3636)
OS uptime: 9 days 21:09 hours

CPU: total 8 (initial active 8) (4 cores per cpu, 2 threads per core) family 6 model 142 stepping 12 microcode 0xf0, cx8, cmov, fxsr, ht, mmx, 3dnowpref, sse, sse2, sse3, ssse3, sse4.1, sse4.2, popcnt, lzcnt, tsc, tscinvbit, avx, avx2, aes, erms, clmul, bmi1, bmi2, adx, fma, vzeroupper, clflush, clflushopt
Processor Information for processor 0
  Max Mhz: 2304, Current Mhz: 1803, Mhz Limit: 1797
Processor Information for processor 1
  Max Mhz: 2304, Current Mhz: 1402, Mhz Limit: 1797
Processor Information for processor 2
  Max Mhz: 2304, Current Mhz: 1402, Mhz Limit: 1797
Processor Information for processor 3
  Max Mhz: 2304, Current Mhz: 1803, Mhz Limit: 1797
Processor Information for processor 4
  Max Mhz: 2304, Current Mhz: 1803, Mhz Limit: 1797
Processor Information for processor 5
  Max Mhz: 2304, Current Mhz: 1402, Mhz Limit: 1797
Processor Information for processor 6
  Max Mhz: 2304, Current Mhz: 1803, Mhz Limit: 1797
Processor Information for processor 7
  Max Mhz: 2304, Current Mhz: 1402, Mhz Limit: 1797

Memory: 4k page, system-wide physical 8025M (565M free)
TotalPageFile size 23223M (AvailPageFile size 2M)
current process WorkingSet (physical memory assigned to process): 114M, peak: 114M
current process commit charge ("private bytes"): 251M, peak: 253M

vm_info: OpenJDK 64-Bit Server VM (17.0.8.1+7-b1059.3) for windows-amd64 JRE (17.0.8.1+7-b1059.3), built on 2023-09-11 by "builduser" with MS VC++ 16.10 / 16.11 (VS2019)

END.
