#
# There is insufficient memory for the Java Runtime Environment to continue.
# Native memory allocation (malloc) failed to allocate 1585776 bytes for Chunk::new
# Possible reasons:
#   The system is out of physical RAM or swap space
#   The process is running with CompressedOops enabled, and the Java Heap may be blocking the growth of the native heap
# Possible solutions:
#   Reduce memory load on the system
#   Increase physical memory or swap space
#   Check if swap backing store is full
#   Decrease Java heap size (-Xmx/-Xms)
#   Decrease number of Java threads
#   Decrease Java thread stack sizes (-Xss)
#   Set larger code cache with -XX:ReservedCodeCacheSize=
#   JVM is running with Unscaled Compressed Oops mode in which the Java heap is
#     placed in the first 4GB address space. The Java Heap base address is the
#     maximum limit for the native heap growth. Please use -XX:HeapBaseMinAddress
#     to set the Java Heap base and to place the Java Heap above 4GB virtual address.
# This output file may be truncated or incomplete.
#
#  Out of Memory Error (arena.cpp:189), pid=17972, tid=21544
#
# JRE version: OpenJDK Runtime Environment JBR-17.0.8.1+7-1059.3-nomod (17.0.8.1+7) (build 17.0.8.1+7-b1059.3)
# Java VM: OpenJDK 64-Bit Server VM JBR-17.0.8.1+7-1059.3-nomod (17.0.8.1+7-b1059.3, mixed mode, tiered, compressed oops, compressed class ptrs, g1 gc, windows-amd64)
# No core dump will be written. Minidumps are not enabled by default on client versions of Windows
#

---------------  S U M M A R Y ------------

Command Line: -Dmaven.multiModuleProjectDirectory=C:\Users\Aziz\Desktop\WorkShopJDBC3A58 -Djansi.passthrough=true -Dmaven.home=C:\Users\Aziz\AppData\Local\JetBrains\IntelliJ IDEA 2023.2.1\plugins\maven\lib\maven3 -Dclassworlds.conf=C:\Users\Aziz\AppData\Local\JetBrains\IntelliJ IDEA 2023.2.1\plugins\maven\lib\maven3\bin\m2.conf -Dmaven.ext.class.path=C:\Users\Aziz\AppData\Local\JetBrains\IntelliJ IDEA 2023.2.1\plugins\maven\lib\maven-event-listener.jar -javaagent:C:\Users\Aziz\AppData\Local\JetBrains\IntelliJ IDEA 2023.2.1\lib\idea_rt.jar=52384:C:\Users\Aziz\AppData\Local\JetBrains\IntelliJ IDEA 2023.2.1\bin -Dfile.encoding=UTF-8 org.codehaus.classworlds.Launcher -Didea.version=2023.2.1 org.openjfx:javafx-maven-plugin:0.0.8:run

Host: Intel(R) Core(TM) i7-10510U CPU @ 1.80GHz, 8 cores, 7G,  Windows 10 , 64 bit Build 19041 (10.0.19041.3636)
Time: Thu Apr 25 10:25:48 2024 Afr. centrale Ouest elapsed time: 6.690405 seconds (0d 0h 0m 6s)

---------------  T H R E A D  ---------------

Current thread (0x00000243722c6c10):  JavaThread "C2 CompilerThread1" daemon [_thread_in_native, id=21544, stack(0x0000007b19b00000,0x0000007b19c00000)]


Current CompileTask:
C2:   6690 6451       4       java.util.stream.SortedOps$SizedRefSortingSink::end (129 bytes)

Stack: [0x0000007b19b00000,0x0000007b19c00000]
Native frames: (J=compiled Java code, j=interpreted, Vv=VM code, C=native code)
V  [jvm.dll+0x6852da]  (os_windows_x86.cpp:235)
V  [jvm.dll+0x844ad4]  VMError::report+0xc34  (vmError.cpp:741)
V  [jvm.dll+0x8463ee]  VMError::report_and_die+0x78e  (vmError.cpp:1582)
V  [jvm.dll+0x846a53]  VMError::report_and_die+0x43  (vmError.cpp:1368)
V  [jvm.dll+0x24b7cf]  report_vm_out_of_memory+0x8f  (debug.cpp:321)
V  [jvm.dll+0xac3bc]  Chunk::operator new+0xcc  (arena.cpp:189)
V  [jvm.dll+0xac98c]  Arena::grow+0x3c  (arena.cpp:350)
V  [jvm.dll+0x36af42]  PhaseIFG::init+0xa2  (ifg.cpp:50)
V  [jvm.dll+0x1be352]  PhaseChaitin::Register_Allocate+0x492  (chaitin.cpp:480)
V  [jvm.dll+0x21d949]  Compile::Code_Gen+0x3b9  (compile.cpp:2746)
V  [jvm.dll+0x21cc11]  Compile::Compile+0xe51  (compile.cpp:836)
V  [jvm.dll+0x1a660d]  C2Compiler::compile_method+0xad  (c2compiler.cpp:110)
V  [jvm.dll+0x22c9c8]  CompileBroker::invoke_compiler_on_method+0x878  (compileBroker.cpp:2372)
V  [jvm.dll+0x22a990]  CompileBroker::compiler_thread_loop+0x2d0  (compileBroker.cpp:2030)
V  [jvm.dll+0x7f9b8c]  JavaThread::run+0x13c  (thread.cpp:1296)
V  [jvm.dll+0x7f3faa]  Thread::call_run+0x8a  (thread.cpp:404)
V  [jvm.dll+0x684165]  thread_native_entry+0x75  (os_windows.cpp:550)
C  [ucrtbase.dll+0x21bb2]
C  [KERNEL32.DLL+0x17344]
C  [ntdll.dll+0x526b1]


---------------  P R O C E S S  ---------------

Threads class SMR info:
_java_thread_list=0x0000024373c01600, length=15, elements={
0x000002435366f4e0, 0x000002436d6594b0, 0x000002436d65b340, 0x000002436d7fb850,
0x000002436d806d40, 0x000002436d809620, 0x000002436d80a3f0, 0x000002436d80b2f0,
0x000002436d8142f0, 0x000002436d8213c0, 0x000002436d8218d0, 0x000002436d823220,
0x000002436d822d10, 0x00000243722c6c10, 0x000002437375f860
}

Java Threads: ( => current thread )
  0x000002435366f4e0 JavaThread "main" [_thread_blocked, id=22960, stack(0x0000007b18700000,0x0000007b18800000)]
  0x000002436d6594b0 JavaThread "Reference Handler" daemon [_thread_blocked, id=23340, stack(0x0000007b18e00000,0x0000007b18f00000)]
  0x000002436d65b340 JavaThread "Finalizer" daemon [_thread_blocked, id=19680, stack(0x0000007b18f00000,0x0000007b19000000)]
  0x000002436d7fb850 JavaThread "Signal Dispatcher" daemon [_thread_blocked, id=12620, stack(0x0000007b19000000,0x0000007b19100000)]
  0x000002436d806d40 JavaThread "Attach Listener" daemon [_thread_blocked, id=21200, stack(0x0000007b19100000,0x0000007b19200000)]
  0x000002436d809620 JavaThread "Service Thread" daemon [_thread_blocked, id=2924, stack(0x0000007b19200000,0x0000007b19300000)]
  0x000002436d80a3f0 JavaThread "Monitor Deflation Thread" daemon [_thread_blocked, id=9212, stack(0x0000007b19300000,0x0000007b19400000)]
  0x000002436d80b2f0 JavaThread "C2 CompilerThread0" daemon [_thread_blocked, id=15296, stack(0x0000007b19400000,0x0000007b19500000)]
  0x000002436d8142f0 JavaThread "C1 CompilerThread0" daemon [_thread_blocked, id=2240, stack(0x0000007b19500000,0x0000007b19600000)]
  0x000002436d8213c0 JavaThread "Sweeper thread" daemon [_thread_blocked, id=7304, stack(0x0000007b19600000,0x0000007b19700000)]
  0x000002436d8218d0 JavaThread "Common-Cleaner" daemon [_thread_blocked, id=22908, stack(0x0000007b19700000,0x0000007b19800000)]
  0x000002436d823220 JavaThread "Monitor Ctrl-Break" daemon [_thread_in_native, id=18384, stack(0x0000007b19800000,0x0000007b19900000)]
  0x000002436d822d10 JavaThread "Notification Thread" daemon [_thread_blocked, id=23384, stack(0x0000007b19900000,0x0000007b19a00000)]
=>0x00000243722c6c10 JavaThread "C2 CompilerThread1" daemon [_thread_in_native, id=21544, stack(0x0000007b19b00000,0x0000007b19c00000)]
  0x000002437375f860 JavaThread "C2 CompilerThread2" daemon [_thread_in_native, id=17948, stack(0x0000007b1a400000,0x0000007b1a500000)]

Other Threads:
  0x000002436d6853f0 VMThread "VM Thread" [stack: 0x0000007b18d00000,0x0000007b18e00000] [id=5644]
  0x00000243536df6e0 WatcherThread [stack: 0x0000007b19a00000,0x0000007b19b00000] [id=18648]
  0x00000243536c84b0 GCTaskThread "GC Thread#0" [stack: 0x0000007b18800000,0x0000007b18900000] [id=420]
  0x0000024372996fb0 GCTaskThread "GC Thread#1" [stack: 0x0000007b19d00000,0x0000007b19e00000] [id=6840]
  0x00000243728ffb40 GCTaskThread "GC Thread#2" [stack: 0x0000007b19e00000,0x0000007b19f00000] [id=6432]
  0x0000024372a87200 GCTaskThread "GC Thread#3" [stack: 0x0000007b19f00000,0x0000007b1a000000] [id=22340]
  0x0000024372a874c0 GCTaskThread "GC Thread#4" [stack: 0x0000007b1a000000,0x0000007b1a100000] [id=19796]
  0x0000024372a9f2a0 GCTaskThread "GC Thread#5" [stack: 0x0000007b1a100000,0x0000007b1a200000] [id=7652]
  0x0000024372a9f9e0 GCTaskThread "GC Thread#6" [stack: 0x0000007b1a200000,0x0000007b1a300000] [id=6800]
  0x0000024372aa0120 GCTaskThread "GC Thread#7" [stack: 0x0000007b1a300000,0x0000007b1a400000] [id=7668]
  0x00000243536d8f00 ConcurrentGCThread "G1 Main Marker" [stack: 0x0000007b18900000,0x0000007b18a00000] [id=21676]
  0x00000243536d9910 ConcurrentGCThread "G1 Conc#0" [stack: 0x0000007b18a00000,0x0000007b18b00000] [id=18932]
  0x00000243729c07e0 ConcurrentGCThread "G1 Conc#1" [stack: 0x0000007b19c00000,0x0000007b19d00000] [id=11560]
  0x000002435372e150 ConcurrentGCThread "G1 Refine#0" [stack: 0x0000007b18b00000,0x0000007b18c00000] [id=13892]
  0x0000024373025380 ConcurrentGCThread "G1 Refine#1" [stack: 0x0000007b1a500000,0x0000007b1a600000] [id=22628]
  0x0000024373a35180 ConcurrentGCThread "G1 Refine#2" [stack: 0x0000007b1a600000,0x0000007b1a700000] [id=16184]
  0x0000024373a35470 ConcurrentGCThread "G1 Refine#3" [stack: 0x0000007b1a700000,0x0000007b1a800000] [id=19340]
  0x00000243734c0f20 ConcurrentGCThread "G1 Refine#4" [stack: 0x0000007b1a800000,0x0000007b1a900000] [id=18284]
  0x0000024373c87fc0 ConcurrentGCThread "G1 Refine#5" [stack: 0x0000007b1a900000,0x0000007b1aa00000] [id=6692]
  0x0000024373df1e00 ConcurrentGCThread "G1 Refine#6" [stack: 0x0000007b1aa00000,0x0000007b1ab00000] [id=10100]
  0x000002435372eb80 ConcurrentGCThread "G1 Service" [stack: 0x0000007b18c00000,0x0000007b18d00000] [id=20504]

Threads with active compile tasks:
C2 CompilerThread1     7082 6451       4       java.util.stream.SortedOps$SizedRefSortingSink::end (129 bytes)
C2 CompilerThread2     7082 6464   !   4       com.google.inject.spi.InjectionPoint::getInjectionPoints (491 bytes)

VM state: not at safepoint (normal execution)

VM Mutex/Monitor currently owned by a thread: None

Heap address: 0x0000000082800000, size: 2008 MB, Compressed Oops mode: 32-bit

CDS archive(s) not mapped
Compressed class space mapped at: 0x0000000100000000-0x0000000140000000, reserved size: 1073741824
Narrow klass base: 0x0000000000000000, Narrow klass shift: 3, Narrow klass range: 0x140000000

GC Precious Log:
 CPUs: 8 total, 8 available
 Memory: 8025M
 Large Page Support: Disabled
 NUMA Support: Disabled
 Compressed Oops: Enabled (32-bit)
 Heap Region Size: 1M
 Heap Min Capacity: 8M
 Heap Initial Capacity: 126M
 Heap Max Capacity: 2008M
 Pre-touch: Disabled
 Parallel Workers: 8
 Concurrent Workers: 2
 Concurrent Refinement Workers: 8
 Periodic GC: Disabled

Heap:
 garbage-first heap   total 159744K, used 28652K [0x0000000082800000, 0x0000000100000000)
  region size 1024K, 6 young (6144K), 3 survivors (3072K)
 Metaspace       used 39300K, committed 39552K, reserved 1114112K
  class space    used 4463K, committed 4544K, reserved 1048576K

Heap Regions: E=young(eden), S=young(survivor), O=old, HS=humongous(starts), HC=humongous(continues), CS=collection set, F=free, OA=open archive, CA=closed archive, TAMS=top-at-mark-start (previous, next)
|   0|0x0000000082800000, 0x0000000082900000, 0x0000000082900000|100%| O|  |TAMS 0x0000000082900000, 0x0000000082800000| Untracked 
|   1|0x0000000082900000, 0x0000000082a00000, 0x0000000082a00000|100%| O|  |TAMS 0x0000000082a00000, 0x0000000082900000| Untracked 
|   2|0x0000000082a00000, 0x0000000082b00000, 0x0000000082b00000|100%| O|  |TAMS 0x0000000082b00000, 0x0000000082a00000| Untracked 
|   3|0x0000000082b00000, 0x0000000082c00000, 0x0000000082c00000|100%|HS|  |TAMS 0x0000000082c00000, 0x0000000082b00000| Complete 
|   4|0x0000000082c00000, 0x0000000082d00000, 0x0000000082d00000|100%| O|  |TAMS 0x0000000082d00000, 0x0000000082c00000| Untracked 
|   5|0x0000000082d00000, 0x0000000082e00000, 0x0000000082e00000|100%| O|  |TAMS 0x0000000082e00000, 0x0000000082d00000| Untracked 
|   6|0x0000000082e00000, 0x0000000082f00000, 0x0000000082f00000|100%| O|  |TAMS 0x0000000082f00000, 0x0000000082e00000| Untracked 
|   7|0x0000000082f00000, 0x0000000083000000, 0x0000000083000000|100%| O|  |TAMS 0x0000000083000000, 0x0000000082f00000| Untracked 
|   8|0x0000000083000000, 0x0000000083100000, 0x0000000083100000|100%| O|  |TAMS 0x0000000083100000, 0x0000000083000000| Untracked 
|   9|0x0000000083100000, 0x0000000083200000, 0x0000000083200000|100%| O|  |TAMS 0x0000000083200000, 0x0000000083100000| Untracked 
|  10|0x0000000083200000, 0x0000000083300000, 0x0000000083300000|100%| O|  |TAMS 0x0000000083300000, 0x0000000083200000| Untracked 
|  11|0x0000000083300000, 0x0000000083400000, 0x0000000083400000|100%| O|  |TAMS 0x0000000083400000, 0x0000000083300000| Untracked 
|  12|0x0000000083400000, 0x0000000083500000, 0x0000000083500000|100%| O|  |TAMS 0x0000000083500000, 0x0000000083400000| Untracked 
|  13|0x0000000083500000, 0x0000000083500000, 0x0000000083600000|  0%| F|  |TAMS 0x0000000083500000, 0x0000000083500000| Untracked 
|  14|0x0000000083600000, 0x0000000083700000, 0x0000000083700000|100%| O|  |TAMS 0x000000008368ce00, 0x0000000083600000| Untracked 
|  15|0x0000000083700000, 0x0000000083800000, 0x0000000083800000|100%| O|  |TAMS 0x0000000083700000, 0x0000000083700000| Untracked 
|  16|0x0000000083800000, 0x0000000083900000, 0x0000000083900000|100%| O|  |TAMS 0x0000000083800000, 0x0000000083800000| Untracked 
|  17|0x0000000083900000, 0x0000000083a00000, 0x0000000083a00000|100%| O|  |TAMS 0x0000000083900000, 0x0000000083900000| Untracked 
|  18|0x0000000083a00000, 0x0000000083b00000, 0x0000000083b00000|100%| O|  |TAMS 0x0000000083a00000, 0x0000000083a00000| Untracked 
|  19|0x0000000083b00000, 0x0000000083c00000, 0x0000000083c00000|100%| O|  |TAMS 0x0000000083b00000, 0x0000000083b00000| Untracked 
|  20|0x0000000083c00000, 0x0000000083d00000, 0x0000000083d00000|100%| O|  |TAMS 0x0000000083c00000, 0x0000000083c00000| Untracked 
|  21|0x0000000083d00000, 0x0000000083e00000, 0x0000000083e00000|100%| O|  |TAMS 0x0000000083d00000, 0x0000000083d00000| Untracked 
|  22|0x0000000083e00000, 0x0000000083f00000, 0x0000000083f00000|100%| O|  |TAMS 0x0000000083e00000, 0x0000000083e00000| Untracked 
|  23|0x0000000083f00000, 0x0000000084000000, 0x0000000084000000|100%| O|  |TAMS 0x0000000083f00000, 0x0000000083f00000| Untracked 
|  24|0x0000000084000000, 0x00000000840e7e00, 0x0000000084100000| 90%| O|  |TAMS 0x0000000084000000, 0x0000000084000000| Untracked 
|  25|0x0000000084100000, 0x0000000084100000, 0x0000000084200000|  0%| F|  |TAMS 0x0000000084100000, 0x0000000084100000| Untracked 
|  26|0x0000000084200000, 0x0000000084200000, 0x0000000084300000|  0%| F|  |TAMS 0x0000000084200000, 0x0000000084200000| Untracked 
|  27|0x0000000084300000, 0x0000000084300000, 0x0000000084400000|  0%| F|  |TAMS 0x0000000084300000, 0x0000000084300000| Untracked 
|  28|0x0000000084400000, 0x0000000084400000, 0x0000000084500000|  0%| F|  |TAMS 0x0000000084400000, 0x0000000084400000| Untracked 
|  29|0x0000000084500000, 0x0000000084500000, 0x0000000084600000|  0%| F|  |TAMS 0x0000000084500000, 0x0000000084500000| Untracked 
|  30|0x0000000084600000, 0x0000000084600000, 0x0000000084700000|  0%| F|  |TAMS 0x0000000084600000, 0x0000000084600000| Untracked 
|  31|0x0000000084700000, 0x0000000084700000, 0x0000000084800000|  0%| F|  |TAMS 0x0000000084700000, 0x0000000084700000| Untracked 
|  32|0x0000000084800000, 0x0000000084800000, 0x0000000084900000|  0%| F|  |TAMS 0x0000000084800000, 0x0000000084800000| Untracked 
|  33|0x0000000084900000, 0x0000000084900000, 0x0000000084a00000|  0%| F|  |TAMS 0x0000000084900000, 0x0000000084900000| Untracked 
|  34|0x0000000084a00000, 0x0000000084a00000, 0x0000000084b00000|  0%| F|  |TAMS 0x0000000084a00000, 0x0000000084a00000| Untracked 
|  35|0x0000000084b00000, 0x0000000084b00000, 0x0000000084c00000|  0%| F|  |TAMS 0x0000000084b00000, 0x0000000084b00000| Untracked 
|  36|0x0000000084c00000, 0x0000000084c00000, 0x0000000084d00000|  0%| F|  |TAMS 0x0000000084c00000, 0x0000000084c00000| Untracked 
|  37|0x0000000084d00000, 0x0000000084d00000, 0x0000000084e00000|  0%| F|  |TAMS 0x0000000084d00000, 0x0000000084d00000| Untracked 
|  38|0x0000000084e00000, 0x0000000084e00000, 0x0000000084f00000|  0%| F|  |TAMS 0x0000000084e00000, 0x0000000084e00000| Untracked 
|  39|0x0000000084f00000, 0x0000000084f00000, 0x0000000085000000|  0%| F|  |TAMS 0x0000000084f00000, 0x0000000084f00000| Untracked 
|  40|0x0000000085000000, 0x00000000850133a0, 0x0000000085100000|  7%| S|CS|TAMS 0x0000000085000000, 0x0000000085000000| Complete 
|  41|0x0000000085100000, 0x0000000085200000, 0x0000000085200000|100%| S|CS|TAMS 0x0000000085100000, 0x0000000085100000| Complete 
|  42|0x0000000085200000, 0x0000000085300000, 0x0000000085300000|100%| S|CS|TAMS 0x0000000085200000, 0x0000000085200000| Complete 
|  43|0x0000000085300000, 0x0000000085300000, 0x0000000085400000|  0%| F|  |TAMS 0x0000000085300000, 0x0000000085300000| Untracked 
|  44|0x0000000085400000, 0x0000000085400000, 0x0000000085500000|  0%| F|  |TAMS 0x0000000085400000, 0x0000000085400000| Untracked 
|  45|0x0000000085500000, 0x0000000085500000, 0x0000000085600000|  0%| F|  |TAMS 0x0000000085500000, 0x0000000085500000| Untracked 
|  46|0x0000000085600000, 0x0000000085600000, 0x0000000085700000|  0%| F|  |TAMS 0x0000000085600000, 0x0000000085600000| Untracked 
|  47|0x0000000085700000, 0x0000000085700000, 0x0000000085800000|  0%| F|  |TAMS 0x0000000085700000, 0x0000000085700000| Untracked 
|  48|0x0000000085800000, 0x0000000085800000, 0x0000000085900000|  0%| F|  |TAMS 0x0000000085800000, 0x0000000085800000| Untracked 
|  49|0x0000000085900000, 0x0000000085900000, 0x0000000085a00000|  0%| F|  |TAMS 0x0000000085900000, 0x0000000085900000| Untracked 
|  50|0x0000000085a00000, 0x0000000085a00000, 0x0000000085b00000|  0%| F|  |TAMS 0x0000000085a00000, 0x0000000085a00000| Untracked 
|  51|0x0000000085b00000, 0x0000000085b00000, 0x0000000085c00000|  0%| F|  |TAMS 0x0000000085b00000, 0x0000000085b00000| Untracked 
|  52|0x0000000085c00000, 0x0000000085c00000, 0x0000000085d00000|  0%| F|  |TAMS 0x0000000085c00000, 0x0000000085c00000| Untracked 
|  53|0x0000000085d00000, 0x0000000085d00000, 0x0000000085e00000|  0%| F|  |TAMS 0x0000000085d00000, 0x0000000085d00000| Untracked 
|  54|0x0000000085e00000, 0x0000000085e00000, 0x0000000085f00000|  0%| F|  |TAMS 0x0000000085e00000, 0x0000000085e00000| Untracked 
|  55|0x0000000085f00000, 0x0000000085f00000, 0x0000000086000000|  0%| F|  |TAMS 0x0000000085f00000, 0x0000000085f00000| Untracked 
|  56|0x0000000086000000, 0x0000000086000000, 0x0000000086100000|  0%| F|  |TAMS 0x0000000086000000, 0x0000000086000000| Untracked 
|  57|0x0000000086100000, 0x0000000086100000, 0x0000000086200000|  0%| F|  |TAMS 0x0000000086100000, 0x0000000086100000| Untracked 
|  58|0x0000000086200000, 0x0000000086200000, 0x0000000086300000|  0%| F|  |TAMS 0x0000000086200000, 0x0000000086200000| Untracked 
|  59|0x0000000086300000, 0x0000000086300000, 0x0000000086400000|  0%| F|  |TAMS 0x0000000086300000, 0x0000000086300000| Untracked 
|  60|0x0000000086400000, 0x0000000086400000, 0x0000000086500000|  0%| F|  |TAMS 0x0000000086400000, 0x0000000086400000| Untracked 
|  61|0x0000000086500000, 0x0000000086500000, 0x0000000086600000|  0%| F|  |TAMS 0x0000000086500000, 0x0000000086500000| Untracked 
|  62|0x0000000086600000, 0x0000000086600000, 0x0000000086700000|  0%| F|  |TAMS 0x0000000086600000, 0x0000000086600000| Untracked 
|  63|0x0000000086700000, 0x0000000086700000, 0x0000000086800000|  0%| F|  |TAMS 0x0000000086700000, 0x0000000086700000| Untracked 
|  64|0x0000000086800000, 0x0000000086800000, 0x0000000086900000|  0%| F|  |TAMS 0x0000000086800000, 0x0000000086800000| Untracked 
|  65|0x0000000086900000, 0x0000000086900000, 0x0000000086a00000|  0%| F|  |TAMS 0x0000000086900000, 0x0000000086900000| Untracked 
|  66|0x0000000086a00000, 0x0000000086a00000, 0x0000000086b00000|  0%| F|  |TAMS 0x0000000086a00000, 0x0000000086a00000| Untracked 
|  67|0x0000000086b00000, 0x0000000086b00000, 0x0000000086c00000|  0%| F|  |TAMS 0x0000000086b00000, 0x0000000086b00000| Untracked 
|  68|0x0000000086c00000, 0x0000000086c00000, 0x0000000086d00000|  0%| F|  |TAMS 0x0000000086c00000, 0x0000000086c00000| Untracked 
|  69|0x0000000086d00000, 0x0000000086d00000, 0x0000000086e00000|  0%| F|  |TAMS 0x0000000086d00000, 0x0000000086d00000| Untracked 
|  70|0x0000000086e00000, 0x0000000086e00000, 0x0000000086f00000|  0%| F|  |TAMS 0x0000000086e00000, 0x0000000086e00000| Untracked 
|  71|0x0000000086f00000, 0x0000000086f00000, 0x0000000087000000|  0%| F|  |TAMS 0x0000000086f00000, 0x0000000086f00000| Untracked 
|  72|0x0000000087000000, 0x0000000087000000, 0x0000000087100000|  0%| F|  |TAMS 0x0000000087000000, 0x0000000087000000| Untracked 
|  73|0x0000000087100000, 0x0000000087100000, 0x0000000087200000|  0%| F|  |TAMS 0x0000000087100000, 0x0000000087100000| Untracked 
|  74|0x0000000087200000, 0x0000000087200000, 0x0000000087300000|  0%| F|  |TAMS 0x0000000087200000, 0x0000000087200000| Untracked 
|  75|0x0000000087300000, 0x0000000087300000, 0x0000000087400000|  0%| F|  |TAMS 0x0000000087300000, 0x0000000087300000| Untracked 
|  76|0x0000000087400000, 0x0000000087400000, 0x0000000087500000|  0%| F|  |TAMS 0x0000000087400000, 0x0000000087400000| Untracked 
|  77|0x0000000087500000, 0x0000000087500000, 0x0000000087600000|  0%| F|  |TAMS 0x0000000087500000, 0x0000000087500000| Untracked 
|  78|0x0000000087600000, 0x0000000087600000, 0x0000000087700000|  0%| F|  |TAMS 0x0000000087600000, 0x0000000087600000| Untracked 
|  79|0x0000000087700000, 0x0000000087700000, 0x0000000087800000|  0%| F|  |TAMS 0x0000000087700000, 0x0000000087700000| Untracked 
|  80|0x0000000087800000, 0x0000000087800000, 0x0000000087900000|  0%| F|  |TAMS 0x0000000087800000, 0x0000000087800000| Untracked 
|  81|0x0000000087900000, 0x0000000087900000, 0x0000000087a00000|  0%| F|  |TAMS 0x0000000087900000, 0x0000000087900000| Untracked 
|  82|0x0000000087a00000, 0x0000000087a00000, 0x0000000087b00000|  0%| F|  |TAMS 0x0000000087a00000, 0x0000000087a00000| Untracked 
|  83|0x0000000087b00000, 0x0000000087b00000, 0x0000000087c00000|  0%| F|  |TAMS 0x0000000087b00000, 0x0000000087b00000| Untracked 
|  84|0x0000000087c00000, 0x0000000087c00000, 0x0000000087d00000|  0%| F|  |TAMS 0x0000000087c00000, 0x0000000087c00000| Untracked 
|  85|0x0000000087d00000, 0x0000000087d00000, 0x0000000087e00000|  0%| F|  |TAMS 0x0000000087d00000, 0x0000000087d00000| Untracked 
|  86|0x0000000087e00000, 0x0000000087e00000, 0x0000000087f00000|  0%| F|  |TAMS 0x0000000087e00000, 0x0000000087e00000| Untracked 
|  87|0x0000000087f00000, 0x0000000087f00000, 0x0000000088000000|  0%| F|  |TAMS 0x0000000087f00000, 0x0000000087f00000| Untracked 
|  88|0x0000000088000000, 0x0000000088000000, 0x0000000088100000|  0%| F|  |TAMS 0x0000000088000000, 0x0000000088000000| Untracked 
|  89|0x0000000088100000, 0x0000000088100000, 0x0000000088200000|  0%| F|  |TAMS 0x0000000088100000, 0x0000000088100000| Untracked 
|  90|0x0000000088200000, 0x0000000088200000, 0x0000000088300000|  0%| F|  |TAMS 0x0000000088200000, 0x0000000088200000| Untracked 
|  91|0x0000000088300000, 0x0000000088300000, 0x0000000088400000|  0%| F|  |TAMS 0x0000000088300000, 0x0000000088300000| Untracked 
|  92|0x0000000088400000, 0x0000000088400000, 0x0000000088500000|  0%| F|  |TAMS 0x0000000088400000, 0x0000000088400000| Untracked 
|  93|0x0000000088500000, 0x0000000088500000, 0x0000000088600000|  0%| F|  |TAMS 0x0000000088500000, 0x0000000088500000| Untracked 
|  94|0x0000000088600000, 0x0000000088600000, 0x0000000088700000|  0%| F|  |TAMS 0x0000000088600000, 0x0000000088600000| Untracked 
|  95|0x0000000088700000, 0x0000000088700000, 0x0000000088800000|  0%| F|  |TAMS 0x0000000088700000, 0x0000000088700000| Untracked 
|  96|0x0000000088800000, 0x0000000088800000, 0x0000000088900000|  0%| F|  |TAMS 0x0000000088800000, 0x0000000088800000| Untracked 
|  97|0x0000000088900000, 0x0000000088900000, 0x0000000088a00000|  0%| F|  |TAMS 0x0000000088900000, 0x0000000088900000| Untracked 
|  98|0x0000000088a00000, 0x0000000088a00000, 0x0000000088b00000|  0%| F|  |TAMS 0x0000000088a00000, 0x0000000088a00000| Untracked 
|  99|0x0000000088b00000, 0x0000000088b00000, 0x0000000088c00000|  0%| F|  |TAMS 0x0000000088b00000, 0x0000000088b00000| Untracked 
| 100|0x0000000088c00000, 0x0000000088c00000, 0x0000000088d00000|  0%| F|  |TAMS 0x0000000088c00000, 0x0000000088c00000| Untracked 
| 101|0x0000000088d00000, 0x0000000088d00000, 0x0000000088e00000|  0%| F|  |TAMS 0x0000000088d00000, 0x0000000088d00000| Untracked 
| 102|0x0000000088e00000, 0x0000000088e00000, 0x0000000088f00000|  0%| F|  |TAMS 0x0000000088e00000, 0x0000000088e00000| Untracked 
| 103|0x0000000088f00000, 0x0000000088f00000, 0x0000000089000000|  0%| F|  |TAMS 0x0000000088f00000, 0x0000000088f00000| Untracked 
| 104|0x0000000089000000, 0x0000000089000000, 0x0000000089100000|  0%| F|  |TAMS 0x0000000089000000, 0x0000000089000000| Untracked 
| 105|0x0000000089100000, 0x0000000089100000, 0x0000000089200000|  0%| F|  |TAMS 0x0000000089100000, 0x0000000089100000| Untracked 
| 106|0x0000000089200000, 0x0000000089200000, 0x0000000089300000|  0%| F|  |TAMS 0x0000000089200000, 0x0000000089200000| Untracked 
| 107|0x0000000089300000, 0x0000000089300000, 0x0000000089400000|  0%| F|  |TAMS 0x0000000089300000, 0x0000000089300000| Untracked 
| 108|0x0000000089400000, 0x0000000089400000, 0x0000000089500000|  0%| F|  |TAMS 0x0000000089400000, 0x0000000089400000| Untracked 
| 109|0x0000000089500000, 0x0000000089500000, 0x0000000089600000|  0%| F|  |TAMS 0x0000000089500000, 0x0000000089500000| Untracked 
| 110|0x0000000089600000, 0x0000000089600000, 0x0000000089700000|  0%| F|  |TAMS 0x0000000089600000, 0x0000000089600000| Untracked 
| 111|0x0000000089700000, 0x0000000089700000, 0x0000000089800000|  0%| F|  |TAMS 0x0000000089700000, 0x0000000089700000| Untracked 
| 112|0x0000000089800000, 0x0000000089800000, 0x0000000089900000|  0%| F|  |TAMS 0x0000000089800000, 0x0000000089800000| Untracked 
| 113|0x0000000089900000, 0x0000000089900000, 0x0000000089a00000|  0%| F|  |TAMS 0x0000000089900000, 0x0000000089900000| Untracked 
| 114|0x0000000089a00000, 0x0000000089a00000, 0x0000000089b00000|  0%| F|  |TAMS 0x0000000089a00000, 0x0000000089a00000| Untracked 
| 115|0x0000000089b00000, 0x0000000089b00000, 0x0000000089c00000|  0%| F|  |TAMS 0x0000000089b00000, 0x0000000089b00000| Untracked 
| 116|0x0000000089c00000, 0x0000000089c00000, 0x0000000089d00000|  0%| F|  |TAMS 0x0000000089c00000, 0x0000000089c00000| Untracked 
| 117|0x0000000089d00000, 0x0000000089d00000, 0x0000000089e00000|  0%| F|  |TAMS 0x0000000089d00000, 0x0000000089d00000| Untracked 
| 118|0x0000000089e00000, 0x0000000089e00000, 0x0000000089f00000|  0%| F|  |TAMS 0x0000000089e00000, 0x0000000089e00000| Untracked 
| 119|0x0000000089f00000, 0x0000000089f00000, 0x000000008a000000|  0%| F|  |TAMS 0x0000000089f00000, 0x0000000089f00000| Untracked 
| 120|0x000000008a000000, 0x000000008a000000, 0x000000008a100000|  0%| F|  |TAMS 0x000000008a000000, 0x000000008a000000| Untracked 
| 121|0x000000008a100000, 0x000000008a100000, 0x000000008a200000|  0%| F|  |TAMS 0x000000008a100000, 0x000000008a100000| Untracked 
| 122|0x000000008a200000, 0x000000008a200000, 0x000000008a300000|  0%| F|  |TAMS 0x000000008a200000, 0x000000008a200000| Untracked 
| 123|0x000000008a300000, 0x000000008a300000, 0x000000008a400000|  0%| F|  |TAMS 0x000000008a300000, 0x000000008a300000| Untracked 
| 124|0x000000008a400000, 0x000000008a400000, 0x000000008a500000|  0%| F|  |TAMS 0x000000008a400000, 0x000000008a400000| Untracked 
| 125|0x000000008a500000, 0x000000008a500000, 0x000000008a600000|  0%| F|  |TAMS 0x000000008a500000, 0x000000008a500000| Untracked 
| 126|0x000000008a600000, 0x000000008a600000, 0x000000008a700000|  0%| F|  |TAMS 0x000000008a600000, 0x000000008a600000| Untracked 
| 127|0x000000008a700000, 0x000000008a700000, 0x000000008a800000|  0%| F|  |TAMS 0x000000008a700000, 0x000000008a700000| Untracked 
| 128|0x000000008a800000, 0x000000008a800000, 0x000000008a900000|  0%| F|  |TAMS 0x000000008a800000, 0x000000008a800000| Untracked 
| 129|0x000000008a900000, 0x000000008a900000, 0x000000008aa00000|  0%| F|  |TAMS 0x000000008a900000, 0x000000008a900000| Untracked 
| 130|0x000000008aa00000, 0x000000008aa00000, 0x000000008ab00000|  0%| F|  |TAMS 0x000000008aa00000, 0x000000008aa00000| Untracked 
| 131|0x000000008ab00000, 0x000000008ab00000, 0x000000008ac00000|  0%| F|  |TAMS 0x000000008ab00000, 0x000000008ab00000| Untracked 
| 132|0x000000008ac00000, 0x000000008ac00000, 0x000000008ad00000|  0%| F|  |TAMS 0x000000008ac00000, 0x000000008ac00000| Untracked 
| 133|0x000000008ad00000, 0x000000008ad00000, 0x000000008ae00000|  0%| F|  |TAMS 0x000000008ad00000, 0x000000008ad00000| Untracked 
| 134|0x000000008ae00000, 0x000000008ae00000, 0x000000008af00000|  0%| F|  |TAMS 0x000000008ae00000, 0x000000008ae00000| Untracked 
| 135|0x000000008af00000, 0x000000008af00000, 0x000000008b000000|  0%| F|  |TAMS 0x000000008af00000, 0x000000008af00000| Untracked 
| 136|0x000000008b000000, 0x000000008b000000, 0x000000008b100000|  0%| F|  |TAMS 0x000000008b000000, 0x000000008b000000| Untracked 
| 137|0x000000008b100000, 0x000000008b100000, 0x000000008b200000|  0%| F|  |TAMS 0x000000008b100000, 0x000000008b100000| Untracked 
| 138|0x000000008b200000, 0x000000008b200000, 0x000000008b300000|  0%| F|  |TAMS 0x000000008b200000, 0x000000008b200000| Untracked 
| 139|0x000000008b300000, 0x000000008b300000, 0x000000008b400000|  0%| F|  |TAMS 0x000000008b300000, 0x000000008b300000| Untracked 
| 140|0x000000008b400000, 0x000000008b400000, 0x000000008b500000|  0%| F|  |TAMS 0x000000008b400000, 0x000000008b400000| Untracked 
| 141|0x000000008b500000, 0x000000008b500000, 0x000000008b600000|  0%| F|  |TAMS 0x000000008b500000, 0x000000008b500000| Untracked 
| 142|0x000000008b600000, 0x000000008b600000, 0x000000008b700000|  0%| F|  |TAMS 0x000000008b600000, 0x000000008b600000| Untracked 
| 143|0x000000008b700000, 0x000000008b700000, 0x000000008b800000|  0%| F|  |TAMS 0x000000008b700000, 0x000000008b700000| Untracked 
| 144|0x000000008b800000, 0x000000008b800000, 0x000000008b900000|  0%| F|  |TAMS 0x000000008b800000, 0x000000008b800000| Untracked 
| 145|0x000000008b900000, 0x000000008b900000, 0x000000008ba00000|  0%| F|  |TAMS 0x000000008b900000, 0x000000008b900000| Untracked 
| 146|0x000000008ba00000, 0x000000008ba00000, 0x000000008bb00000|  0%| F|  |TAMS 0x000000008ba00000, 0x000000008ba00000| Untracked 
| 147|0x000000008bb00000, 0x000000008bb00000, 0x000000008bc00000|  0%| F|  |TAMS 0x000000008bb00000, 0x000000008bb00000| Untracked 
| 148|0x000000008bc00000, 0x000000008bc00000, 0x000000008bd00000|  0%| F|  |TAMS 0x000000008bc00000, 0x000000008bc00000| Untracked 
| 149|0x000000008bd00000, 0x000000008bd00000, 0x000000008be00000|  0%| F|  |TAMS 0x000000008bd00000, 0x000000008bd00000| Untracked 
| 150|0x000000008be00000, 0x000000008be00000, 0x000000008bf00000|  0%| F|  |TAMS 0x000000008be00000, 0x000000008be00000| Untracked 
| 151|0x000000008bf00000, 0x000000008bf00000, 0x000000008c000000|  0%| F|  |TAMS 0x000000008bf00000, 0x000000008bf00000| Untracked 
| 152|0x000000008c000000, 0x000000008c000000, 0x000000008c100000|  0%| F|  |TAMS 0x000000008c000000, 0x000000008c000000| Untracked 
| 153|0x000000008c100000, 0x000000008c100800, 0x000000008c200000|  0%| E|  |TAMS 0x000000008c100000, 0x000000008c100000| Complete 
| 154|0x000000008c200000, 0x000000008c300000, 0x000000008c300000|100%| E|CS|TAMS 0x000000008c200000, 0x000000008c200000| Complete 
| 155|0x000000008c300000, 0x000000008c400000, 0x000000008c400000|100%| E|CS|TAMS 0x000000008c300000, 0x000000008c300000| Complete 

Card table byte_map: [0x0000024366560000,0x0000024366950000] _byte_map_base: 0x000002436614c000

Marking Bits (Prev, Next): (CMBitMap*) 0x00000243536c8ad0, (CMBitMap*) 0x00000243536c8b10
 Prev Bits: [0x0000024366d40000, 0x0000024368ca0000)
 Next Bits: [0x0000024368ca0000, 0x000002436ac00000)

Polling page: 0x0000024352e30000

Metaspace:

Usage:
  Non-class:     34.02 MB used.
      Class:      4.36 MB used.
       Both:     38.38 MB used.

Virtual space:
  Non-class space:       64.00 MB reserved,      34.19 MB ( 53%) committed,  1 nodes.
      Class space:        1.00 GB reserved,       4.44 MB ( <1%) committed,  1 nodes.
             Both:        1.06 GB reserved,      38.62 MB (  4%) committed. 

Chunk freelists:
   Non-Class:  12.89 MB
       Class:  11.50 MB
        Both:  24.39 MB

MaxMetaspaceSize: unlimited
CompressedClassSpaceSize: 1.00 GB
Initial GC threshold: 21.00 MB
Current GC threshold: 58.75 MB
CDS: off
MetaspaceReclaimPolicy: balanced
 - commit_granule_bytes: 65536.
 - commit_granule_words: 8192.
 - virtual_space_node_default_size: 8388608.
 - enlarge_chunks_in_place: 1.
 - new_chunks_are_fully_committed: 0.
 - uncommit_free_chunks: 1.
 - use_allocation_guard: 0.
 - handle_deallocations: 1.


Internal statistics:

num_allocs_failed_limit: 8.
num_arena_births: 190.
num_arena_deaths: 0.
num_vsnodes_births: 2.
num_vsnodes_deaths: 0.
num_space_committed: 618.
num_space_uncommitted: 0.
num_chunks_returned_to_freelist: 8.
num_chunks_taken_from_freelist: 1304.
num_chunk_merges: 8.
num_chunk_splits: 908.
num_chunks_enlarged: 708.
num_inconsistent_stats: 0.

CodeHeap 'non-profiled nmethods': size=120000Kb used=2696Kb max_used=3099Kb free=117303Kb
 bounds [0x000002435e910000, 0x000002435ec20000, 0x0000024365e40000]
CodeHeap 'profiled nmethods': size=120000Kb used=11471Kb max_used=13269Kb free=108528Kb
 bounds [0x0000024356e40000, 0x0000024357b40000, 0x000002435e370000]
CodeHeap 'non-nmethods': size=5760Kb used=1207Kb max_used=1289Kb free=4552Kb
 bounds [0x000002435e370000, 0x000002435e5e0000, 0x000002435e910000]
 total_blobs=6206 nmethods=5696 adapters=422
 compilation: enabled
              stopped_count=0, restarted_count=0
 full_count=0

Compilation events (20 events):
Event: 6.533 Thread 0x000002436d8142f0 nmethod 6563 0x00000243575b7e10 code [0x00000243575b82a0, 0x00000243575baba8]
Event: 6.535 Thread 0x000002436d8142f0 6565       3       jdk.internal.module.ModuleInfo$ConstantPool::checkIndex (21 bytes)
Event: 6.536 Thread 0x000002436d8142f0 nmethod 6565 0x0000024357070310 code [0x00000243570704c0, 0x0000024357070688]
Event: 6.536 Thread 0x000002436d8142f0 6566       3       java.util.Set::copyOf (27 bytes)
Event: 6.536 Thread 0x000002436d8142f0 nmethod 6566 0x0000024357376f10 code [0x0000024357377100, 0x00000243573777c8]
Event: 6.541 Thread 0x000002436d80b2f0 nmethod 6516 0x000002435eb2b390 code [0x000002435eb2b520, 0x000002435eb2bff8]
Event: 6.541 Thread 0x000002436d80b2f0 6564   !   4       java.util.zip.InflaterInputStream::read (138 bytes)
Event: 6.547 Thread 0x000002436d8142f0 6569       3       java.lang.ProcessEnvironment$CheckedEntry::getKey (5 bytes)
Event: 6.547 Thread 0x000002436d8142f0 nmethod 6569 0x0000024357364f90 code [0x0000024357365140, 0x0000024357365448]
Event: 6.547 Thread 0x000002436d8142f0 6570       3       java.lang.ProcessEnvironment$CheckedEntry::getKey (13 bytes)
Event: 6.547 Thread 0x000002436d8142f0 nmethod 6570 0x00000243573d9590 code [0x00000243573d9740, 0x00000243573d99e8]
Event: 6.555 Thread 0x000002436d8142f0 6572       3       jdk.internal.org.objectweb.asm.Frame::execute (2305 bytes)
Event: 6.562 Thread 0x000002436d8142f0 nmethod 6572 0x00000243573ba490 code [0x00000243573bb3c0, 0x00000243573c1ef8]
Event: 6.562 Thread 0x000002436d8142f0 6576       3       java.lang.invoke.InvokerBytecodeGenerator::loadInsnOpcode (98 bytes)
Event: 6.564 Thread 0x000002436d8142f0 nmethod 6576 0x0000024357008c10 code [0x0000024357008e80, 0x0000024357009858]
Event: 6.564 Thread 0x000002436d8142f0 6577       3       java.lang.invoke.InvokerBytecodeGenerator::emitPushArgument (150 bytes)
Event: 6.565 Thread 0x000002436d8142f0 nmethod 6577 0x0000024357147610 code [0x00000243571478e0, 0x0000024357148768]
Event: 6.593 Thread 0x000002436d80b2f0 nmethod 6564 0x000002435ea17490 code [0x000002435ea17700, 0x000002435ea19b60]
Event: 6.593 Thread 0x000002436d80b2f0 6568       4       jdk.internal.org.objectweb.asm.ByteVector::put12 (64 bytes)
Event: 6.599 Thread 0x000002436d80b2f0 nmethod 6568 0x000002435eaa9690 code [0x000002435eaa9820, 0x000002435eaa9d58]

GC Heap History (20 events):
Event: 2.333 GC heap before
{Heap before GC invocations=2 (full 0):
 garbage-first heap   total 129024K, used 18345K [0x0000000082800000, 0x0000000100000000)
  region size 1024K, 16 young (16384K), 3 survivors (3072K)
 Metaspace       used 21332K, committed 21504K, reserved 1114112K
  class space    used 2380K, committed 2496K, reserved 1048576K
}
Event: 2.339 GC heap after
{Heap after GC invocations=3 (full 0):
 garbage-first heap   total 129024K, used 7200K [0x0000000082800000, 0x0000000100000000)
  region size 1024K, 4 young (4096K), 4 survivors (4096K)
 Metaspace       used 21332K, committed 21504K, reserved 1114112K
  class space    used 2380K, committed 2496K, reserved 1048576K
}
Event: 2.760 GC heap before
{Heap before GC invocations=4 (full 0):
 garbage-first heap   total 30720K, used 21536K [0x0000000082800000, 0x0000000100000000)
  region size 1024K, 18 young (18432K), 4 survivors (4096K)
 Metaspace       used 24380K, committed 24512K, reserved 1114112K
  class space    used 2749K, committed 2816K, reserved 1048576K
}
Event: 2.769 GC heap after
{Heap after GC invocations=5 (full 0):
 garbage-first heap   total 30720K, used 8326K [0x0000000082800000, 0x0000000100000000)
  region size 1024K, 3 young (3072K), 3 survivors (3072K)
 Metaspace       used 24380K, committed 24512K, reserved 1114112K
  class space    used 2749K, committed 2816K, reserved 1048576K
}
Event: 2.789 GC heap before
{Heap before GC invocations=5 (full 0):
 garbage-first heap   total 30720K, used 9350K [0x0000000082800000, 0x0000000100000000)
  region size 1024K, 4 young (4096K), 3 survivors (3072K)
 Metaspace       used 24508K, committed 24640K, reserved 1114112K
  class space    used 2754K, committed 2816K, reserved 1048576K
}
Event: 2.798 GC heap after
{Heap after GC invocations=6 (full 0):
 garbage-first heap   total 30720K, used 8375K [0x0000000082800000, 0x0000000100000000)
  region size 1024K, 1 young (1024K), 1 survivors (1024K)
 Metaspace       used 24508K, committed 24640K, reserved 1114112K
  class space    used 2754K, committed 2816K, reserved 1048576K
}
Event: 3.079 GC heap before
{Heap before GC invocations=6 (full 0):
 garbage-first heap   total 30720K, used 21687K [0x0000000082800000, 0x0000000100000000)
  region size 1024K, 14 young (14336K), 1 survivors (1024K)
 Metaspace       used 25126K, committed 25344K, reserved 1114112K
  class space    used 2816K, committed 2880K, reserved 1048576K
}
Event: 3.083 GC heap after
{Heap after GC invocations=7 (full 0):
 garbage-first heap   total 79872K, used 9107K [0x0000000082800000, 0x0000000100000000)
  region size 1024K, 2 young (2048K), 2 survivors (2048K)
 Metaspace       used 25126K, committed 25344K, reserved 1114112K
  class space    used 2816K, committed 2880K, reserved 1048576K
}
Event: 4.352 GC heap before
{Heap before GC invocations=7 (full 0):
 garbage-first heap   total 79872K, used 54163K [0x0000000082800000, 0x0000000100000000)
  region size 1024K, 46 young (47104K), 2 survivors (2048K)
 Metaspace       used 32540K, committed 32768K, reserved 1114112K
  class space    used 3724K, committed 3840K, reserved 1048576K
}
Event: 4.361 GC heap after
{Heap after GC invocations=8 (full 0):
 garbage-first heap   total 79872K, used 11466K [0x0000000082800000, 0x0000000100000000)
  region size 1024K, 4 young (4096K), 4 survivors (4096K)
 Metaspace       used 32540K, committed 32768K, reserved 1114112K
  class space    used 3724K, committed 3840K, reserved 1048576K
}
Event: 5.024 GC heap before
{Heap before GC invocations=8 (full 0):
 garbage-first heap   total 79872K, used 55498K [0x0000000082800000, 0x0000000100000000)
  region size 1024K, 46 young (47104K), 4 survivors (4096K)
 Metaspace       used 35185K, committed 35520K, reserved 1114112K
  class space    used 3986K, committed 4160K, reserved 1048576K
}
Event: 5.051 GC heap after
{Heap after GC invocations=9 (full 0):
 garbage-first heap   total 79872K, used 21043K [0x0000000082800000, 0x0000000100000000)
  region size 1024K, 6 young (6144K), 6 survivors (6144K)
 Metaspace       used 35185K, committed 35520K, reserved 1114112K
  class space    used 3986K, committed 4160K, reserved 1048576K
}
Event: 5.171 GC heap before
{Heap before GC invocations=9 (full 0):
 garbage-first heap   total 79872K, used 27187K [0x0000000082800000, 0x0000000100000000)
  region size 1024K, 13 young (13312K), 6 survivors (6144K)
 Metaspace       used 35684K, committed 35968K, reserved 1114112K
  class space    used 4051K, committed 4224K, reserved 1048576K
}
Event: 5.183 GC heap after
{Heap after GC invocations=10 (full 0):
 garbage-first heap   total 79872K, used 22988K [0x0000000082800000, 0x0000000100000000)
  region size 1024K, 2 young (2048K), 2 survivors (2048K)
 Metaspace       used 35684K, committed 35968K, reserved 1114112K
  class space    used 4051K, committed 4224K, reserved 1048576K
}
Event: 5.951 GC heap before
{Heap before GC invocations=11 (full 0):
 garbage-first heap   total 79872K, used 57804K [0x0000000082800000, 0x0000000100000000)
  region size 1024K, 36 young (36864K), 2 survivors (2048K)
 Metaspace       used 37486K, committed 37760K, reserved 1114112K
  class space    used 4222K, committed 4352K, reserved 1048576K
}
Event: 5.963 GC heap after
{Heap after GC invocations=12 (full 0):
 garbage-first heap   total 79872K, used 24960K [0x0000000082800000, 0x0000000100000000)
  region size 1024K, 4 young (4096K), 4 survivors (4096K)
 Metaspace       used 37486K, committed 37760K, reserved 1114112K
  class space    used 4222K, committed 4352K, reserved 1048576K
}
Event: 5.974 GC heap before
{Heap before GC invocations=12 (full 0):
 garbage-first heap   total 79872K, used 25984K [0x0000000082800000, 0x0000000100000000)
  region size 1024K, 5 young (5120K), 4 survivors (4096K)
 Metaspace       used 37497K, committed 37760K, reserved 1114112K
  class space    used 4222K, committed 4352K, reserved 1048576K
}
Event: 5.982 GC heap after
{Heap after GC invocations=13 (full 0):
 garbage-first heap   total 79872K, used 25061K [0x0000000082800000, 0x0000000100000000)
  region size 1024K, 1 young (1024K), 1 survivors (1024K)
 Metaspace       used 37497K, committed 37760K, reserved 1114112K
  class space    used 4222K, committed 4352K, reserved 1048576K
}
Event: 6.528 GC heap before
{Heap before GC invocations=13 (full 0):
 garbage-first heap   total 79872K, used 59877K [0x0000000082800000, 0x0000000100000000)
  region size 1024K, 35 young (35840K), 1 survivors (1024K)
 Metaspace       used 38994K, committed 39232K, reserved 1114112K
  class space    used 4427K, committed 4544K, reserved 1048576K
}
Event: 6.533 GC heap after
{Heap after GC invocations=14 (full 0):
 garbage-first heap   total 159744K, used 26604K [0x0000000082800000, 0x0000000100000000)
  region size 1024K, 3 young (3072K), 3 survivors (3072K)
 Metaspace       used 38994K, committed 39232K, reserved 1114112K
  class space    used 4427K, committed 4544K, reserved 1048576K
}

Dll operation events (4 events):
Event: 0.037 Loaded shared library C:\Users\Aziz\.jdks\jbr-17.0.8.1\bin\java.dll
Event: 0.136 Loaded shared library C:\Users\Aziz\.jdks\jbr-17.0.8.1\bin\jsvml.dll
Event: 0.271 Loaded shared library C:\Users\Aziz\.jdks\jbr-17.0.8.1\bin\zip.dll
Event: 0.599 Loaded shared library C:\Users\Aziz\.jdks\jbr-17.0.8.1\bin\verify.dll

Deoptimization events (20 events):
Event: 6.514 Thread 0x000002435366f4e0 Uncommon trap: trap_request=0xffffffec fr.pc=0x000002435e9f44a0 relative=0x0000000000000080
Event: 6.514 Thread 0x000002435366f4e0 Uncommon trap: reason=null_assert_or_unreached0 action=make_not_entrant pc=0x000002435e9f44a0 method=java.util.jar.JarFile.maybeInstantiateVerifier()V @ 4 c2
Event: 6.514 Thread 0x000002435366f4e0 DEOPT PACKING pc=0x000002435e9f44a0 sp=0x0000007b187fd7e0
Event: 6.514 Thread 0x000002435366f4e0 DEOPT UNPACKING pc=0x000002435e3c69a3 sp=0x0000007b187fd770 mode 2
Event: 6.517 Thread 0x000002435366f4e0 Uncommon trap: trap_request=0xffffff45 fr.pc=0x000002435e9abd58 relative=0x0000000000000058
Event: 6.517 Thread 0x000002435366f4e0 Uncommon trap: reason=unstable_if action=reinterpret pc=0x000002435e9abd58 method=jdk.internal.module.ModuleReferenceImpl.hashCode()I @ 6 c2
Event: 6.517 Thread 0x000002435366f4e0 DEOPT PACKING pc=0x000002435e9abd58 sp=0x0000007b187fd830
Event: 6.517 Thread 0x000002435366f4e0 DEOPT UNPACKING pc=0x000002435e3c69a3 sp=0x0000007b187fd7c0 mode 2
Event: 6.547 Thread 0x000002435366f4e0 Uncommon trap: trap_request=0xffffffbe fr.pc=0x000002435ea2b9b4 relative=0x0000000000001f54
Event: 6.547 Thread 0x000002435366f4e0 Uncommon trap: reason=profile_predicate action=maybe_recompile pc=0x000002435ea2b9b4 method=java.util.TimSort.binarySort([Ljava/lang/Object;IIILjava/util/Comparator;)V @ 34 c2
Event: 6.547 Thread 0x000002435366f4e0 DEOPT PACKING pc=0x000002435ea2b9b4 sp=0x0000007b187fd620
Event: 6.547 Thread 0x000002435366f4e0 DEOPT UNPACKING pc=0x000002435e3c69a3 sp=0x0000007b187fd600 mode 2
Event: 6.547 Thread 0x000002435366f4e0 Uncommon trap: trap_request=0xffffffbe fr.pc=0x000002435ea2b9b4 relative=0x0000000000001f54
Event: 6.547 Thread 0x000002435366f4e0 Uncommon trap: reason=profile_predicate action=maybe_recompile pc=0x000002435ea2b9b4 method=java.util.TimSort.binarySort([Ljava/lang/Object;IIILjava/util/Comparator;)V @ 34 c2
Event: 6.547 Thread 0x000002435366f4e0 DEOPT PACKING pc=0x000002435ea2b9b4 sp=0x0000007b187fd620
Event: 6.547 Thread 0x000002435366f4e0 DEOPT UNPACKING pc=0x000002435e3c69a3 sp=0x0000007b187fd600 mode 2
Event: 6.555 Thread 0x000002435366f4e0 Uncommon trap: trap_request=0xffffff45 fr.pc=0x000002435eadb60c relative=0x000000000000210c
Event: 6.555 Thread 0x000002435366f4e0 Uncommon trap: reason=unstable_if action=reinterpret pc=0x000002435eadb60c method=jdk.internal.org.objectweb.asm.Frame.execute(IILjdk/internal/org/objectweb/asm/Symbol;Ljdk/internal/org/objectweb/asm/SymbolTable;)V @ 1 c2
Event: 6.555 Thread 0x000002435366f4e0 DEOPT PACKING pc=0x000002435eadb60c sp=0x0000007b187fbe70
Event: 6.555 Thread 0x000002435366f4e0 DEOPT UNPACKING pc=0x000002435e3c69a3 sp=0x0000007b187fbe18 mode 2

Classes unloaded (0 events):
No events

Classes redefined (0 events):
No events

Internal exceptions (20 events):
Event: 6.481 Thread 0x000002435366f4e0 Exception <a 'sun/nio/fs/WindowsException'{0x00000000855a6ef8}> (0x00000000855a6ef8) 
thrown [s\src\hotspot\share\prims\jni.cpp, line 517]
Event: 6.481 Thread 0x000002435366f4e0 Exception <a 'sun/nio/fs/WindowsException'{0x00000000855a7130}> (0x00000000855a7130) 
thrown [s\src\hotspot\share\prims\jni.cpp, line 517]
Event: 6.488 Thread 0x000002435366f4e0 Exception <a 'sun/nio/fs/WindowsException'{0x00000000855c80a0}> (0x00000000855c80a0) 
thrown [s\src\hotspot\share\prims\jni.cpp, line 517]
Event: 6.488 Thread 0x000002435366f4e0 Exception <a 'sun/nio/fs/WindowsException'{0x00000000855c8380}> (0x00000000855c8380) 
thrown [s\src\hotspot\share\prims\jni.cpp, line 517]
Event: 6.490 Thread 0x000002435366f4e0 Exception <a 'sun/nio/fs/WindowsException'{0x00000000855cdd50}> (0x00000000855cdd50) 
thrown [s\src\hotspot\share\prims\jni.cpp, line 517]
Event: 6.490 Thread 0x000002435366f4e0 Exception <a 'sun/nio/fs/WindowsException'{0x00000000855ce030}> (0x00000000855ce030) 
thrown [s\src\hotspot\share\prims\jni.cpp, line 517]
Event: 6.491 Thread 0x000002435366f4e0 Exception <a 'sun/nio/fs/WindowsException'{0x00000000855d0718}> (0x00000000855d0718) 
thrown [s\src\hotspot\share\prims\jni.cpp, line 517]
Event: 6.491 Thread 0x000002435366f4e0 Exception <a 'sun/nio/fs/WindowsException'{0x00000000855d13e0}> (0x00000000855d13e0) 
thrown [s\src\hotspot\share\prims\jni.cpp, line 517]
Event: 6.492 Thread 0x000002435366f4e0 Exception <a 'sun/nio/fs/WindowsException'{0x00000000855d20f8}> (0x00000000855d20f8) 
thrown [s\src\hotspot\share\prims\jni.cpp, line 517]
Event: 6.492 Thread 0x000002435366f4e0 Exception <a 'sun/nio/fs/WindowsException'{0x00000000855d2d88}> (0x00000000855d2d88) 
thrown [s\src\hotspot\share\prims\jni.cpp, line 517]
Event: 6.492 Thread 0x000002435366f4e0 Exception <a 'sun/nio/fs/WindowsException'{0x00000000855d3a08}> (0x00000000855d3a08) 
thrown [s\src\hotspot\share\prims\jni.cpp, line 517]
Event: 6.492 Thread 0x000002435366f4e0 Exception <a 'sun/nio/fs/WindowsException'{0x00000000855d4e50}> (0x00000000855d4e50) 
thrown [s\src\hotspot\share\prims\jni.cpp, line 517]
Event: 6.493 Thread 0x000002435366f4e0 Exception <a 'sun/nio/fs/WindowsException'{0x00000000855d5ea0}> (0x00000000855d5ea0) 
thrown [s\src\hotspot\share\prims\jni.cpp, line 517]
Event: 6.493 Thread 0x000002435366f4e0 Exception <a 'sun/nio/fs/WindowsException'{0x00000000855d6b48}> (0x00000000855d6b48) 
thrown [s\src\hotspot\share\prims\jni.cpp, line 517]
Event: 6.493 Thread 0x000002435366f4e0 Exception <a 'sun/nio/fs/WindowsException'{0x00000000855d77c8}> (0x00000000855d77c8) 
thrown [s\src\hotspot\share\prims\jni.cpp, line 517]
Event: 6.555 Thread 0x000002435366f4e0 Exception <a 'java/lang/NoSuchMethodError'{0x000000008c3c04c8}: 'void java.lang.invoke.DirectMethodHandle$Holder.invokeStatic(java.lang.Object, long)'> (0x000000008c3c04c8) 
thrown [s\src\hotspot\share\interpreter\linkResolver.cpp, line 771]
Event: 6.556 Thread 0x000002435366f4e0 Exception <a 'java/lang/NoSuchMethodError'{0x000000008c3c5b18}: 'java.lang.Object java.lang.invoke.DirectMethodHandle$Holder.newInvokeSpecial(java.lang.Object, long)'> (0x000000008c3c5b18) 
thrown [s\src\hotspot\share\interpreter\linkResolver.cpp, line 771]
Event: 6.560 Thread 0x000002435366f4e0 Exception <a 'java/lang/NoSuchMethodError'{0x000000008c3dbbc0}: 'java.lang.Object java.lang.invoke.DirectMethodHandle$Holder.invokeStaticInit(java.lang.Object, java.lang.Object, long, java.lang.Object)'> (0x000000008c3dbbc0) 
thrown [s\src\hotspot\share\interpreter\linkResolver.cpp, line 771]
Event: 6.560 Thread 0x000002435366f4e0 Exception <a 'java/lang/NoSuchMethodError'{0x000000008c3e2208}: 'java.lang.Object java.lang.invoke.DirectMethodHandle$Holder.newInvokeSpecial(java.lang.Object, java.lang.Object, long)'> (0x000000008c3e2208) 
thrown [s\src\hotspot\share\interpreter\linkResolver.cpp, line 771]
Event: 6.561 Thread 0x000002435366f4e0 Exception <a 'java/lang/NoSuchMethodError'{0x000000008c3e6020}: 'java.lang.Object java.lang.invoke.Invokers$Holder.linkToTargetMethod(java.lang.Object, long, java.lang.Object)'> (0x000000008c3e6020) 
thrown [s\src\hotspot\share\interpreter\linkResolver.cpp, line 771]

VM Operations (20 events):
Event: 5.974 Executing VM operation: G1CollectForAllocation
Event: 5.982 Executing VM operation: G1CollectForAllocation done
Event: 6.211 Executing VM operation: HandshakeAllThreads
Event: 6.211 Executing VM operation: HandshakeAllThreads done
Event: 6.227 Executing VM operation: HandshakeAllThreads
Event: 6.227 Executing VM operation: HandshakeAllThreads done
Event: 6.232 Executing VM operation: ICBufferFull
Event: 6.233 Executing VM operation: ICBufferFull done
Event: 6.241 Executing VM operation: HandshakeAllThreads
Event: 6.241 Executing VM operation: HandshakeAllThreads done
Event: 6.359 Executing VM operation: HandshakeAllThreads
Event: 6.359 Executing VM operation: HandshakeAllThreads done
Event: 6.380 Executing VM operation: HandshakeAllThreads
Event: 6.380 Executing VM operation: HandshakeAllThreads done
Event: 6.485 Executing VM operation: HandshakeAllThreads
Event: 6.485 Executing VM operation: HandshakeAllThreads done
Event: 6.528 Executing VM operation: G1CollectForAllocation
Event: 6.533 Executing VM operation: G1CollectForAllocation done
Event: 6.566 Executing VM operation: HandshakeAllThreads
Event: 6.566 Executing VM operation: HandshakeAllThreads done

Events (20 events):
Event: 6.563 loading class java/util/concurrent/SynchronousQueue done
Event: 6.564 loading class java/util/concurrent/SynchronousQueue$TransferStack
Event: 6.564 loading class java/util/concurrent/SynchronousQueue$Transferer
Event: 6.564 loading class java/util/concurrent/SynchronousQueue$Transferer done
Event: 6.564 loading class java/util/concurrent/SynchronousQueue$TransferStack done
Event: 6.564 loading class java/util/concurrent/SynchronousQueue$TransferStack$SNode
Event: 6.564 loading class java/util/concurrent/ForkJoinPool$ManagedBlocker
Event: 6.564 loading class java/util/concurrent/ForkJoinPool$ManagedBlocker done
Event: 6.564 loading class java/util/concurrent/SynchronousQueue$TransferStack$SNode done
Event: 6.564 loading class java/lang/ProcessImpl$2
Event: 6.564 loading class java/lang/ProcessImpl$2 done
Event: 6.565 loading class java/lang/Process$PipeInputStream
Event: 6.565 loading class java/lang/Process$PipeInputStream done
Event: 6.566 loading class jdk/internal/event/ProcessStartEvent
Event: 6.566 loading class jdk/internal/event/ProcessStartEvent done
Event: 6.568 loading class java/io/PipedOutputStream
Event: 6.568 loading class java/io/PipedOutputStream done
Event: 6.569 Thread 0x000002436d820eb0 Thread added: 0x000002436d820eb0
Event: 6.569 Thread 0x000002436d8209a0 Thread added: 0x000002436d8209a0
Event: 6.569 Thread 0x000002436d822800 Thread added: 0x000002436d822800


Dynamic libraries:
0x00007ff694590000 - 0x00007ff69459a000 	C:\Users\Aziz\.jdks\jbr-17.0.8.1\bin\java.exe
0x00007ffdafaf0000 - 0x00007ffdafce8000 	C:\Windows\SYSTEM32\ntdll.dll
0x00007ffdae7e0000 - 0x00007ffdae89d000 	C:\Windows\System32\KERNEL32.DLL
0x00007ffdad610000 - 0x00007ffdad906000 	C:\Windows\System32\KERNELBASE.dll
0x00007ffdad4e0000 - 0x00007ffdad5e0000 	C:\Windows\System32\ucrtbase.dll
0x00007ffda25e0000 - 0x00007ffda25fb000 	C:\Users\Aziz\.jdks\jbr-17.0.8.1\bin\VCRUNTIME140.dll
0x00007ffd9f070000 - 0x00007ffd9f087000 	C:\Users\Aziz\.jdks\jbr-17.0.8.1\bin\jli.dll
0x00007ffdae8a0000 - 0x00007ffdaea3f000 	C:\Windows\System32\USER32.dll
0x00007ffdada80000 - 0x00007ffdadaa2000 	C:\Windows\System32\win32u.dll
0x00007ffd96b20000 - 0x00007ffd96dba000 	C:\Windows\WinSxS\amd64_microsoft.windows.common-controls_6595b64144ccf1df_6.0.19041.3636_none_60b6a03d71f818d5\COMCTL32.dll
0x00007ffdadbd0000 - 0x00007ffdadbfb000 	C:\Windows\System32\GDI32.dll
0x00007ffdae140000 - 0x00007ffdae1de000 	C:\Windows\System32\msvcrt.dll
0x00007ffdad910000 - 0x00007ffdada27000 	C:\Windows\System32\gdi32full.dll
0x00007ffdad1a0000 - 0x00007ffdad23d000 	C:\Windows\System32\msvcp_win.dll
0x00007ffdadc60000 - 0x00007ffdadc92000 	C:\Windows\System32\IMM32.DLL
0x00007ffda6460000 - 0x00007ffda646c000 	C:\Users\Aziz\.jdks\jbr-17.0.8.1\bin\vcruntime140_1.dll
0x00007ffd9d600000 - 0x00007ffd9d68d000 	C:\Users\Aziz\.jdks\jbr-17.0.8.1\bin\msvcp140.dll
0x00007ffd709d0000 - 0x00007ffd71653000 	C:\Users\Aziz\.jdks\jbr-17.0.8.1\bin\server\jvm.dll
0x00007ffdafa00000 - 0x00007ffdafab0000 	C:\Windows\System32\ADVAPI32.dll
0x00007ffdaf490000 - 0x00007ffdaf530000 	C:\Windows\System32\sechost.dll
0x00007ffdae620000 - 0x00007ffdae743000 	C:\Windows\System32\RPCRT4.dll
0x00007ffdad5e0000 - 0x00007ffdad607000 	C:\Windows\System32\bcrypt.dll
0x00007ffdacee0000 - 0x00007ffdacf2b000 	C:\Windows\SYSTEM32\POWRPROF.dll
0x00007ffd8fb70000 - 0x00007ffd8fb79000 	C:\Windows\SYSTEM32\WSOCK32.dll
0x00007ffd94580000 - 0x00007ffd945a7000 	C:\Windows\SYSTEM32\WINMM.dll
0x00007ffda66a0000 - 0x00007ffda66aa000 	C:\Windows\SYSTEM32\VERSION.dll
0x00007ffdaea50000 - 0x00007ffdaeabb000 	C:\Windows\System32\WS2_32.dll
0x00007ffdacec0000 - 0x00007ffdaced2000 	C:\Windows\SYSTEM32\UMPDC.dll
0x00007ffdab9c0000 - 0x00007ffdab9d2000 	C:\Windows\SYSTEM32\kernel.appcore.dll
0x00007ffda6410000 - 0x00007ffda641a000 	C:\Users\Aziz\.jdks\jbr-17.0.8.1\bin\jimage.dll
0x00007ffdaadc0000 - 0x00007ffdaafa4000 	C:\Windows\SYSTEM32\DBGHELP.DLL
0x00007ffda7ba0000 - 0x00007ffda7bd4000 	C:\Windows\SYSTEM32\dbgcore.DLL
0x00007ffdad450000 - 0x00007ffdad4d2000 	C:\Windows\System32\bcryptPrimitives.dll
0x00007ffda8820000 - 0x00007ffda882e000 	C:\Users\Aziz\.jdks\jbr-17.0.8.1\bin\instrument.dll
0x00007ffd9df90000 - 0x00007ffd9dfb5000 	C:\Users\Aziz\.jdks\jbr-17.0.8.1\bin\java.dll
0x00007ffd9e680000 - 0x00007ffd9e698000 	C:\Users\Aziz\.jdks\jbr-17.0.8.1\bin\zip.dll
0x00007ffd94e50000 - 0x00007ffd94f27000 	C:\Users\Aziz\.jdks\jbr-17.0.8.1\bin\jsvml.dll
0x00007ffdaeb20000 - 0x00007ffdaf28b000 	C:\Windows\System32\SHELL32.dll
0x00007ffdab210000 - 0x00007ffdab9ae000 	C:\Windows\SYSTEM32\windows.storage.dll
0x00007ffdae1e0000 - 0x00007ffdae533000 	C:\Windows\System32\combase.dll
0x00007ffdacb00000 - 0x00007ffdacb2e000 	C:\Windows\SYSTEM32\Wldp.dll
0x00007ffdaf290000 - 0x00007ffdaf35d000 	C:\Windows\System32\OLEAUT32.dll
0x00007ffdaf3e0000 - 0x00007ffdaf48d000 	C:\Windows\System32\SHCORE.dll
0x00007ffdadc00000 - 0x00007ffdadc55000 	C:\Windows\System32\shlwapi.dll
0x00007ffdad0d0000 - 0x00007ffdad0f3000 	C:\Windows\SYSTEM32\profapi.dll
0x00007ffd9e4c0000 - 0x00007ffd9e4d9000 	C:\Users\Aziz\.jdks\jbr-17.0.8.1\bin\net.dll
0x00007ffda3850000 - 0x00007ffda395a000 	C:\Windows\SYSTEM32\WINHTTP.dll
0x00007ffdac860000 - 0x00007ffdac8ca000 	C:\Windows\system32\mswsock.dll
0x00007ffd9e470000 - 0x00007ffd9e486000 	C:\Users\Aziz\.jdks\jbr-17.0.8.1\bin\nio.dll
0x00007ffda6470000 - 0x00007ffda648a000 	C:\Users\Aziz\AppData\Local\JetBrains\IntelliJ IDEA 2023.2.1\bin\breakgen64.dll
0x0000000069ac0000 - 0x0000000069ae4000 	C:\Users\Aziz\AppData\Local\Temp\jansi-2.4.0-d63c0681d9dcb3a7-jansi.dll
0x00007ffd9e290000 - 0x00007ffd9e2a0000 	C:\Users\Aziz\.jdks\jbr-17.0.8.1\bin\verify.dll
0x00007ffdac2a0000 - 0x00007ffdac2d3000 	C:\Windows\SYSTEM32\ntmarta.dll

dbghelp: loaded successfully - version: 4.0.5 - missing functions: none
symbol engine: initialized successfully - sym options: 0x614 - pdb path: .;C:\Users\Aziz\.jdks\jbr-17.0.8.1\bin;C:\Windows\SYSTEM32;C:\Windows\WinSxS\amd64_microsoft.windows.common-controls_6595b64144ccf1df_6.0.19041.3636_none_60b6a03d71f818d5;C:\Users\Aziz\.jdks\jbr-17.0.8.1\bin\server;C:\Users\Aziz\AppData\Local\JetBrains\IntelliJ IDEA 2023.2.1\bin;C:\Users\Aziz\AppData\Local\Temp

VM Arguments:
jvm_args: -Dmaven.multiModuleProjectDirectory=C:\Users\Aziz\Desktop\WorkShopJDBC3A58 -Djansi.passthrough=true -Dmaven.home=C:\Users\Aziz\AppData\Local\JetBrains\IntelliJ IDEA 2023.2.1\plugins\maven\lib\maven3 -Dclassworlds.conf=C:\Users\Aziz\AppData\Local\JetBrains\IntelliJ IDEA 2023.2.1\plugins\maven\lib\maven3\bin\m2.conf -Dmaven.ext.class.path=C:\Users\Aziz\AppData\Local\JetBrains\IntelliJ IDEA 2023.2.1\plugins\maven\lib\maven-event-listener.jar -javaagent:C:\Users\Aziz\AppData\Local\JetBrains\IntelliJ IDEA 2023.2.1\lib\idea_rt.jar=52384:C:\Users\Aziz\AppData\Local\JetBrains\IntelliJ IDEA 2023.2.1\bin -Dfile.encoding=UTF-8 
java_command: org.codehaus.classworlds.Launcher -Didea.version=2023.2.1 org.openjfx:javafx-maven-plugin:0.0.8:run
java_class_path (initial): C:\Users\Aziz\AppData\Local\JetBrains\IntelliJ IDEA 2023.2.1\plugins\maven\lib\maven3\boot\plexus-classworlds-2.7.0.jar;C:\Users\Aziz\AppData\Local\JetBrains\IntelliJ IDEA 2023.2.1\plugins\maven\lib\maven3\boot\plexus-classworlds.license
Launcher Type: SUN_STANDARD

[Global flags]
     intx CICompilerCount                          = 4                                         {product} {ergonomic}
     uint ConcGCThreads                            = 2                                         {product} {ergonomic}
     uint G1ConcRefinementThreads                  = 8                                         {product} {ergonomic}
   size_t G1HeapRegionSize                         = 1048576                                   {product} {ergonomic}
    uintx GCDrainStackTargetSize                   = 64                                        {product} {ergonomic}
   size_t InitialHeapSize                          = 132120576                                 {product} {ergonomic}
   size_t MarkStackSize                            = 4194304                                   {product} {ergonomic}
   size_t MaxHeapSize                              = 2105540608                                {product} {ergonomic}
   size_t MaxNewSize                               = 1262485504                                {product} {ergonomic}
   size_t MinHeapDeltaBytes                        = 1048576                                   {product} {ergonomic}
   size_t MinHeapSize                              = 8388608                                   {product} {ergonomic}
    uintx NonNMethodCodeHeapSize                   = 5839372                                {pd product} {ergonomic}
    uintx NonProfiledCodeHeapSize                  = 122909434                              {pd product} {ergonomic}
    uintx ProfiledCodeHeapSize                     = 122909434                              {pd product} {ergonomic}
    uintx ReservedCodeCacheSize                    = 251658240                              {pd product} {ergonomic}
     bool SegmentedCodeCache                       = true                                      {product} {ergonomic}
   size_t SoftMaxHeapSize                          = 2105540608                             {manageable} {ergonomic}
     bool UseCompressedClassPointers               = true                           {product lp64_product} {ergonomic}
     bool UseCompressedOops                        = true                           {product lp64_product} {ergonomic}
     bool UseG1GC                                  = true                                      {product} {ergonomic}
     bool UseLargePagesIndividualAllocation        = false                                  {pd product} {ergonomic}

Logging:
Log output configuration:
 #0: stdout all=warning uptime,level,tags
 #1: stderr all=off uptime,level,tags

Environment Variables:
PATH=C:\oraclexe\app\oracle\product\11.2.0\server\bin;C:\Program Files (x86)\VMware\VMware Workstation\bin\;C:\Windows\system32;C:\Windows;C:\Windows\System32\Wbem;C:\Windows\System32\WindowsPowerShell\v1.0\;C:\Windows\System32\OpenSSH\;C:\Program Files (x86)\dotnet\;C:\Program Files\dotnet\;C:\Users\Aziz\.jdks\jbr-17.0.8.1\bin;C:\xampp\php;C:\ProgramData\ComposerSetup\bin;C:\Program Files (x86)\GnuWin32\bin;C:\Program Files (x86)\CodeBlocks\MinGW\bin;C:\Program Files\Git\cmd;C:\Program Files\nodejs\;C:\Users\Aziz\scoop\shims;C:\Users\Aziz\AppData\Local\Microsoft\WindowsApps;C:\Users\Aziz\AppData\Roaming\Composer\vendor\bin;C:\Users\Aziz\AppData\Local\Programs\Microsoft VS Code\bin;C:\Users\Aziz\AppData\Roaming\npm
USERNAME=Aziz
OS=Windows_NT
PROCESSOR_IDENTIFIER=Intel64 Family 6 Model 142 Stepping 12, GenuineIntel
TMP=C:\Users\Aziz\AppData\Local\Temp
TEMP=C:\Users\Aziz\AppData\Local\Temp


JNI global refs:
JNI global refs: 15, weak refs: 0

JNI global refs memory usage: 843, weak refs: 209

OOME stack traces (most recent first):
Classloader memory used:
Loader bootstrap                                                                       : 1892K
Loader org.codehaus.plexus.classworlds.realm.ClassRealm                                : 1794K
Loader jdk.internal.loader.ClassLoaders$AppClassLoader                                 : 1145K
Loader jdk.internal.loader.ClassLoaders$PlatformClassLoader                            : 64247B
Loader org.eclipse.sisu.space.CloningClassSpace$CloningClassLoader                     : 10510B
Loader jdk.internal.reflect.DelegatingClassLoader                                      : 6244B

Classes loaded by more than one classloader:
Class org.codehaus.plexus.util.StringUtils                                            : loaded 3 times (x 69B)
Class org.codehaus.plexus.util.MatchPatterns                                          : loaded 3 times (x 73B)
Class org.codehaus.plexus.interpolation.InterpolationPostProcessor                    : loaded 2 times (x 68B)
Class org.codehaus.plexus.util.DirectoryScanner                                       : loaded 2 times (x 113B)
Class org.codehaus.plexus.interpolation.BasicInterpolator                             : loaded 2 times (x 68B)
Class org.codehaus.plexus.languages.java.jpms.ResolvePathResult                       : loaded 2 times (x 74B)
Class org.codehaus.plexus.languages.java.jpms.LocationManager                         : loaded 2 times (x 72B)
Class org.codehaus.plexus.util.Scanner                                                : loaded 2 times (x 68B)
Class org.sonatype.plexus.components.cipher.PlexusCipherException                     : loaded 2 times (x 80B)
Class [Lorg.codehaus.plexus.util.MatchPattern;                                        : loaded 2 times (x 67B)
Class org.codehaus.plexus.interpolation.ValueSource                                   : loaded 2 times (x 68B)
Class org.codehaus.plexus.util.AbstractScanner                                        : loaded 2 times (x 98B)
Class org.sonatype.plexus.components.sec.dispatcher.DefaultSecDispatcher              : loaded 2 times (x 81B)
Class org.codehaus.plexus.languages.java.jpms.ResolvePathsRequest                     : loaded 2 times (x 80B)
Class org.codehaus.plexus.languages.java.jpms.JavaModuleDescriptor                    : loaded 2 times (x 76B)
Class org.codehaus.plexus.interpolation.RecursionInterceptor                          : loaded 2 times (x 68B)
Class org.apache.maven.shared.utils.logging.MessageBuilder                            : loaded 2 times (x 68B)
Class org.codehaus.plexus.languages.java.jpms.SourceModuleInfoParser                  : loaded 2 times (x 70B)
Class org.sonatype.plexus.components.sec.dispatcher.model.SettingsSecurity            : loaded 2 times (x 80B)
Class org.sonatype.plexus.components.cipher.PlexusCipher                              : loaded 2 times (x 68B)
Class org.sonatype.plexus.components.sec.dispatcher.SecDispatcher                     : loaded 2 times (x 68B)
Class org.codehaus.plexus.interpolation.PropertiesBasedValueSource                    : loaded 2 times (x 80B)
Class org.codehaus.plexus.interpolation.AbstractValueSource                           : loaded 2 times (x 80B)
Class org.sonatype.plexus.components.sec.dispatcher.SecDispatcherException            : loaded 2 times (x 80B)
Class org.codehaus.plexus.util.MatchPattern                                           : loaded 2 times (x 76B)
Class org.codehaus.plexus.util.Os                                                     : loaded 2 times (x 75B)
Class org.codehaus.plexus.languages.java.jpms.ModuleInfoParser                        : loaded 2 times (x 68B)
Class org.codehaus.plexus.util.SelectorUtils                                          : loaded 2 times (x 69B)
Class org.sonatype.plexus.components.cipher.DefaultPlexusCipher                       : loaded 2 times (x 91B)
Class org.codehaus.plexus.languages.java.jpms.ManifestModuleNameExtractor             : loaded 2 times (x 73B)
Class org.apache.commons.lang3.StringUtils                                            : loaded 2 times (x 69B)
Class org.codehaus.plexus.languages.java.jpms.ResolvePathRequest                      : loaded 2 times (x 74B)
Class org.codehaus.plexus.languages.java.jpms.ResolvePathsResult                      : loaded 2 times (x 80B)
Class org.codehaus.plexus.util.cli.CommandLineException                               : loaded 2 times (x 80B)
Class org.sonatype.plexus.components.cipher.PBECipher                                 : loaded 2 times (x 72B)
Class org.codehaus.plexus.interpolation.Interpolator                                  : loaded 2 times (x 68B)
Class org.codehaus.plexus.languages.java.jpms.ModuleNameExtractor                     : loaded 2 times (x 68B)


---------------  S Y S T E M  ---------------

OS:
 Windows 10 , 64 bit Build 19041 (10.0.19041.3636)
OS uptime: 9 days 20:45 hours

CPU: total 8 (initial active 8) (4 cores per cpu, 2 threads per core) family 6 model 142 stepping 12 microcode 0xf0, cx8, cmov, fxsr, ht, mmx, 3dnowpref, sse, sse2, sse3, ssse3, sse4.1, sse4.2, popcnt, lzcnt, tsc, tscinvbit, avx, avx2, aes, erms, clmul, bmi1, bmi2, adx, fma, vzeroupper, clflush, clflushopt
Processor Information for processor 0
  Max Mhz: 2304, Current Mhz: 1803, Mhz Limit: 1797
Processor Information for processor 1
  Max Mhz: 2304, Current Mhz: 1402, Mhz Limit: 1797
Processor Information for processor 2
  Max Mhz: 2304, Current Mhz: 1803, Mhz Limit: 1797
Processor Information for processor 3
  Max Mhz: 2304, Current Mhz: 1402, Mhz Limit: 1797
Processor Information for processor 4
  Max Mhz: 2304, Current Mhz: 1803, Mhz Limit: 1797
Processor Information for processor 5
  Max Mhz: 2304, Current Mhz: 1803, Mhz Limit: 1797
Processor Information for processor 6
  Max Mhz: 2304, Current Mhz: 1803, Mhz Limit: 1797
Processor Information for processor 7
  Max Mhz: 2304, Current Mhz: 1402, Mhz Limit: 1797

Memory: 4k page, system-wide physical 8025M (407M free)
TotalPageFile size 23223M (AvailPageFile size 191M)
current process WorkingSet (physical memory assigned to process): 257M, peak: 257M
current process commit charge ("private bytes"): 368M, peak: 369M

vm_info: OpenJDK 64-Bit Server VM (17.0.8.1+7-b1059.3) for windows-amd64 JRE (17.0.8.1+7-b1059.3), built on 2023-09-11 by "builduser" with MS VC++ 16.10 / 16.11 (VS2019)

END.
